{"/Users/younwoo/repo/aiai/pi/agent/extensions/pi-model-router/index.ts": {"path":"/Users/younwoo/repo/aiai/pi/agent/extensions/pi-model-router/index.ts","statementMap":{"0":{"start":{"line":21,"column":6},"end":{"line":441,"column":null}},"1":{"start":{"line":22,"column":35},"end":{"line":22,"column":null}},"2":{"start":{"line":24,"column":18},"end":{"line":24,"column":null}},"3":{"start":{"line":26,"column":20},"end":{"line":26,"column":null}},"4":{"start":{"line":27,"column":21},"end":{"line":27,"column":null}},"5":{"start":{"line":29,"column":28},"end":{"line":29,"column":null}},"6":{"start":{"line":30,"column":39},"end":{"line":30,"column":null}},"7":{"start":{"line":32,"column":23},"end":{"line":32,"column":null}},"8":{"start":{"line":34,"column":36},"end":{"line":34,"column":null}},"9":{"start":{"line":36,"column":21},"end":{"line":36,"column":null}},"10":{"start":{"line":37,"column":29},"end":{"line":37,"column":null}},"11":{"start":{"line":38,"column":23},"end":{"line":38,"column":null}},"12":{"start":{"line":43,"column":34},"end":{"line":43,"column":null}},"13":{"start":{"line":45,"column":28},"end":{"line":56,"column":null}},"14":{"start":{"line":48,"column":2},"end":{"line":48,"column":null}},"15":{"start":{"line":49,"column":2},"end":{"line":55,"column":null}},"16":{"start":{"line":50,"column":3},"end":{"line":50,"column":null}},"17":{"start":{"line":52,"column":3},"end":{"line":52,"column":null}},"18":{"start":{"line":54,"column":3},"end":{"line":54,"column":null}},"19":{"start":{"line":58,"column":26},"end":{"line":74,"column":null}},"20":{"start":{"line":62,"column":21},"end":{"line":62,"column":null}},"21":{"start":{"line":63,"column":2},"end":{"line":63,"column":null}},"22":{"start":{"line":63,"column":25},"end":{"line":63,"column":null}},"23":{"start":{"line":64,"column":2},"end":{"line":72,"column":null}},"24":{"start":{"line":65,"column":13},"end":{"line":68,"column":null}},"25":{"start":{"line":69,"column":3},"end":{"line":69,"column":null}},"26":{"start":{"line":69,"column":10},"end":{"line":69,"column":null}},"27":{"start":{"line":73,"column":2},"end":{"line":73,"column":null}},"28":{"start":{"line":76,"column":28},"end":{"line":102,"column":null}},"29":{"start":{"line":79,"column":2},"end":{"line":80,"column":null}},"30":{"start":{"line":80,"column":3},"end":{"line":80,"column":null}},"31":{"start":{"line":81,"column":2},"end":{"line":100,"column":null}},"32":{"start":{"line":84,"column":5},"end":{"line":92,"column":null}},"33":{"start":{"line":93,"column":3},"end":{"line":97,"column":null}},"34":{"start":{"line":97,"column":4},"end":{"line":97,"column":null}},"35":{"start":{"line":101,"column":2},"end":{"line":101,"column":null}},"36":{"start":{"line":104,"column":7},"end":{"line":106,"column":null}},"37":{"start":{"line":105,"column":2},"end":{"line":105,"column":null}},"38":{"start":{"line":108,"column":7},"end":{"line":138,"column":null}},"39":{"start":{"line":109,"column":16},"end":{"line":117,"column":null}},"40":{"start":{"line":118,"column":19},"end":{"line":128,"column":null}},"41":{"start":{"line":124,"column":56},"end":{"line":127,"column":5}},"42":{"start":{"line":129,"column":2},"end":{"line":131,"column":null}},"43":{"start":{"line":130,"column":3},"end":{"line":130,"column":null}},"44":{"start":{"line":132,"column":2},"end":{"line":136,"column":null}},"45":{"start":{"line":133,"column":3},"end":{"line":133,"column":null}},"46":{"start":{"line":135,"column":3},"end":{"line":135,"column":null}},"47":{"start":{"line":137,"column":2},"end":{"line":137,"column":null}},"48":{"start":{"line":140,"column":17},"end":{"line":241,"column":null}},"49":{"start":{"line":143,"column":3},"end":{"line":143,"column":null}},"50":{"start":{"line":148,"column":18},"end":{"line":148,"column":null}},"51":{"start":{"line":149,"column":3},"end":{"line":149,"column":null}},"52":{"start":{"line":150,"column":3},"end":{"line":150,"column":null}},"53":{"start":{"line":151,"column":3},"end":{"line":153,"column":null}},"54":{"start":{"line":152,"column":4},"end":{"line":152,"column":null}},"55":{"start":{"line":154,"column":3},"end":{"line":154,"column":null}},"56":{"start":{"line":155,"column":3},"end":{"line":155,"column":null}},"57":{"start":{"line":156,"column":3},"end":{"line":164,"column":null}},"58":{"start":{"line":157,"column":4},"end":{"line":157,"column":null}},"59":{"start":{"line":158,"column":4},"end":{"line":163,"column":null}},"60":{"start":{"line":159,"column":5},"end":{"line":162,"column":null}},"61":{"start":{"line":167,"column":3},"end":{"line":169,"column":null}},"62":{"start":{"line":168,"column":4},"end":{"line":168,"column":null}},"63":{"start":{"line":170,"column":3},"end":{"line":174,"column":null}},"64":{"start":{"line":171,"column":4},"end":{"line":171,"column":null}},"65":{"start":{"line":172,"column":4},"end":{"line":172,"column":null}},"66":{"start":{"line":173,"column":4},"end":{"line":173,"column":null}},"67":{"start":{"line":175,"column":3},"end":{"line":178,"column":null}},"68":{"start":{"line":179,"column":3},"end":{"line":179,"column":null}},"69":{"start":{"line":180,"column":3},"end":{"line":180,"column":null}},"70":{"start":{"line":181,"column":3},"end":{"line":181,"column":null}},"71":{"start":{"line":181,"column":38},"end":{"line":181,"column":null}},"72":{"start":{"line":182,"column":3},"end":{"line":185,"column":null}},"73":{"start":{"line":188,"column":3},"end":{"line":239,"column":null}},"74":{"start":{"line":192,"column":6},"end":{"line":192,"column":null}},"75":{"start":{"line":195,"column":6},"end":{"line":195,"column":null}},"76":{"start":{"line":198,"column":6},"end":{"line":198,"column":null}},"77":{"start":{"line":201,"column":6},"end":{"line":201,"column":null}},"78":{"start":{"line":204,"column":6},"end":{"line":204,"column":null}},"79":{"start":{"line":207,"column":6},"end":{"line":207,"column":null}},"80":{"start":{"line":210,"column":6},"end":{"line":210,"column":null}},"81":{"start":{"line":213,"column":6},"end":{"line":213,"column":null}},"82":{"start":{"line":216,"column":6},"end":{"line":216,"column":null}},"83":{"start":{"line":219,"column":6},"end":{"line":219,"column":null}},"84":{"start":{"line":222,"column":6},"end":{"line":222,"column":null}},"85":{"start":{"line":225,"column":6},"end":{"line":225,"column":null}},"86":{"start":{"line":228,"column":6},"end":{"line":228,"column":null}},"87":{"start":{"line":231,"column":6},"end":{"line":231,"column":null}},"88":{"start":{"line":243,"column":1},"end":{"line":243,"column":null}},"89":{"start":{"line":245,"column":33},"end":{"line":312,"column":null}},"90":{"start":{"line":246,"column":2},"end":{"line":246,"column":null}},"91":{"start":{"line":247,"column":2},"end":{"line":247,"column":null}},"92":{"start":{"line":248,"column":2},"end":{"line":248,"column":null}},"93":{"start":{"line":249,"column":2},"end":{"line":249,"column":null}},"94":{"start":{"line":250,"column":2},"end":{"line":252,"column":null}},"95":{"start":{"line":251,"column":3},"end":{"line":251,"column":null}},"96":{"start":{"line":253,"column":2},"end":{"line":253,"column":null}},"97":{"start":{"line":254,"column":2},"end":{"line":257,"column":null}},"98":{"start":{"line":258,"column":2},"end":{"line":258,"column":null}},"99":{"start":{"line":259,"column":2},"end":{"line":259,"column":null}},"100":{"start":{"line":260,"column":2},"end":{"line":263,"column":null}},"101":{"start":{"line":264,"column":2},"end":{"line":264,"column":null}},"102":{"start":{"line":265,"column":18},"end":{"line":265,"column":null}},"103":{"start":{"line":266,"column":21},"end":{"line":272,"column":null}},"104":{"start":{"line":269,"column":5},"end":{"line":269,"column":null}},"105":{"start":{"line":271,"column":19},"end":{"line":271,"column":29}},"106":{"start":{"line":272,"column":23},"end":{"line":272,"column":51}},"107":{"start":{"line":273,"column":2},"end":{"line":286,"column":null}},"108":{"start":{"line":274,"column":3},"end":{"line":277,"column":null}},"109":{"start":{"line":278,"column":3},"end":{"line":278,"column":null}},"110":{"start":{"line":279,"column":3},"end":{"line":279,"column":null}},"111":{"start":{"line":280,"column":3},"end":{"line":282,"column":null}},"112":{"start":{"line":283,"column":3},"end":{"line":283,"column":null}},"113":{"start":{"line":284,"column":3},"end":{"line":284,"column":null}},"114":{"start":{"line":285,"column":3},"end":{"line":285,"column":null}},"115":{"start":{"line":287,"column":2},"end":{"line":287,"column":null}},"116":{"start":{"line":288,"column":2},"end":{"line":309,"column":null}},"117":{"start":{"line":289,"column":23},"end":{"line":289,"column":null}},"118":{"start":{"line":290,"column":3},"end":{"line":306,"column":null}},"119":{"start":{"line":291,"column":20},"end":{"line":291,"column":null}},"120":{"start":{"line":292,"column":4},"end":{"line":298,"column":null}},"121":{"start":{"line":293,"column":5},"end":{"line":296,"column":null}},"122":{"start":{"line":297,"column":5},"end":{"line":297,"column":null}},"123":{"start":{"line":300,"column":4},"end":{"line":303,"column":null}},"124":{"start":{"line":304,"column":4},"end":{"line":304,"column":null}},"125":{"start":{"line":305,"column":4},"end":{"line":305,"column":null}},"126":{"start":{"line":308,"column":3},"end":{"line":308,"column":null}},"127":{"start":{"line":310,"column":2},"end":{"line":310,"column":null}},"128":{"start":{"line":311,"column":2},"end":{"line":311,"column":null}},"129":{"start":{"line":314,"column":1},"end":{"line":364,"column":null}},"130":{"start":{"line":318,"column":4},"end":{"line":318,"column":null}},"131":{"start":{"line":321,"column":4},"end":{"line":321,"column":null}},"132":{"start":{"line":324,"column":4},"end":{"line":324,"column":null}},"133":{"start":{"line":327,"column":4},"end":{"line":327,"column":null}},"134":{"start":{"line":330,"column":4},"end":{"line":330,"column":null}},"135":{"start":{"line":333,"column":4},"end":{"line":333,"column":null}},"136":{"start":{"line":336,"column":4},"end":{"line":336,"column":null}},"137":{"start":{"line":339,"column":4},"end":{"line":339,"column":null}},"138":{"start":{"line":342,"column":4},"end":{"line":342,"column":null}},"139":{"start":{"line":345,"column":4},"end":{"line":345,"column":null}},"140":{"start":{"line":348,"column":4},"end":{"line":348,"column":null}},"141":{"start":{"line":351,"column":4},"end":{"line":351,"column":null}},"142":{"start":{"line":354,"column":4},"end":{"line":354,"column":null}},"143":{"start":{"line":357,"column":4},"end":{"line":357,"column":null}},"144":{"start":{"line":360,"column":4},"end":{"line":360,"column":null}},"145":{"start":{"line":366,"column":1},"end":{"line":375,"column":null}},"146":{"start":{"line":367,"column":2},"end":{"line":367,"column":null}},"147":{"start":{"line":368,"column":2},"end":{"line":368,"column":null}},"148":{"start":{"line":369,"column":2},"end":{"line":374,"column":null}},"149":{"start":{"line":370,"column":3},"end":{"line":373,"column":null}},"150":{"start":{"line":377,"column":7},"end":{"line":384,"column":null}},"151":{"start":{"line":378,"column":2},"end":{"line":383,"column":null}},"152":{"start":{"line":379,"column":3},"end":{"line":379,"column":null}},"153":{"start":{"line":380,"column":3},"end":{"line":380,"column":null}},"154":{"start":{"line":381,"column":3},"end":{"line":381,"column":null}},"155":{"start":{"line":382,"column":3},"end":{"line":382,"column":null}},"156":{"start":{"line":386,"column":1},"end":{"line":388,"column":null}},"157":{"start":{"line":387,"column":2},"end":{"line":387,"column":null}},"158":{"start":{"line":390,"column":1},"end":{"line":423,"column":null}},"159":{"start":{"line":391,"column":2},"end":{"line":391,"column":null}},"160":{"start":{"line":392,"column":2},"end":{"line":392,"column":null}},"161":{"start":{"line":392,"column":51},"end":{"line":392,"column":null}},"162":{"start":{"line":393,"column":2},"end":{"line":420,"column":null}},"163":{"start":{"line":394,"column":23},"end":{"line":394,"column":null}},"164":{"start":{"line":395,"column":3},"end":{"line":405,"column":null}},"165":{"start":{"line":396,"column":4},"end":{"line":396,"column":null}},"166":{"start":{"line":397,"column":4},"end":{"line":397,"column":null}},"167":{"start":{"line":398,"column":4},"end":{"line":398,"column":null}},"168":{"start":{"line":399,"column":4},"end":{"line":399,"column":null}},"169":{"start":{"line":399,"column":39},"end":{"line":399,"column":null}},"170":{"start":{"line":400,"column":4},"end":{"line":403,"column":null}},"171":{"start":{"line":404,"column":4},"end":{"line":404,"column":null}},"172":{"start":{"line":406,"column":25},"end":{"line":406,"column":null}},"173":{"start":{"line":407,"column":3},"end":{"line":413,"column":null}},"174":{"start":{"line":412,"column":4},"end":{"line":412,"column":null}},"175":{"start":{"line":414,"column":3},"end":{"line":414,"column":null}},"176":{"start":{"line":415,"column":3},"end":{"line":415,"column":null}},"177":{"start":{"line":417,"column":3},"end":{"line":417,"column":null}},"178":{"start":{"line":418,"column":3},"end":{"line":418,"column":null}},"179":{"start":{"line":419,"column":3},"end":{"line":419,"column":null}},"180":{"start":{"line":421,"column":2},"end":{"line":421,"column":null}},"181":{"start":{"line":422,"column":2},"end":{"line":422,"column":null}},"182":{"start":{"line":425,"column":1},"end":{"line":435,"column":null}},"183":{"start":{"line":426,"column":2},"end":{"line":426,"column":null}},"184":{"start":{"line":427,"column":2},"end":{"line":432,"column":null}},"185":{"start":{"line":428,"column":23},"end":{"line":428,"column":null}},"186":{"start":{"line":429,"column":3},"end":{"line":431,"column":null}},"187":{"start":{"line":430,"column":4},"end":{"line":430,"column":null}},"188":{"start":{"line":433,"column":2},"end":{"line":433,"column":null}},"189":{"start":{"line":434,"column":2},"end":{"line":434,"column":null}}},"fnMap":{"0":{"name":"(anonymous_0)","decl":{"start":{"line":21,"column":6},"end":{"line":21,"column":25}},"loc":{"start":{"line":21,"column":46},"end":{"line":441,"column":null}},"line":21},"1":{"name":"(anonymous_1)","decl":{"start":{"line":45,"column":28},"end":{"line":45,"column":null}},"loc":{"start":{"line":47,"column":6},"end":{"line":56,"column":null}},"line":47},"2":{"name":"(anonymous_2)","decl":{"start":{"line":58,"column":26},"end":{"line":58,"column":null}},"loc":{"start":{"line":61,"column":24},"end":{"line":74,"column":null}},"line":61},"3":{"name":"(anonymous_3)","decl":{"start":{"line":76,"column":28},"end":{"line":76,"column":null}},"loc":{"start":{"line":78,"column":24},"end":{"line":102,"column":null}},"line":78},"4":{"name":"(anonymous_4)","decl":{"start":{"line":104,"column":7},"end":{"line":104,"column":30}},"loc":{"start":{"line":104,"column":60},"end":{"line":106,"column":null}},"line":104},"5":{"name":"(anonymous_5)","decl":{"start":{"line":108,"column":7},"end":{"line":108,"column":28}},"loc":{"start":{"line":108,"column":28},"end":{"line":138,"column":null}},"line":108},"6":{"name":"(anonymous_6)","decl":{"start":{"line":124,"column":37},"end":{"line":124,"column":42}},"loc":{"start":{"line":124,"column":56},"end":{"line":127,"column":5}},"line":124},"7":{"name":"(anonymous_7)","decl":{"start":{"line":142,"column":2},"end":{"line":142,"column":17}},"loc":{"start":{"line":143,"column":3},"end":{"line":143,"column":null}},"line":143},"8":{"name":"(anonymous_8)","decl":{"start":{"line":144,"column":2},"end":{"line":144,"column":null}},"loc":{"start":{"line":147,"column":7},"end":{"line":165,"column":null}},"line":147},"9":{"name":"(anonymous_9)","decl":{"start":{"line":166,"column":34},"end":{"line":166,"column":41}},"loc":{"start":{"line":166,"column":67},"end":{"line":186,"column":null}},"line":166},"10":{"name":"(anonymous_10)","decl":{"start":{"line":187,"column":2},"end":{"line":187,"column":32}},"loc":{"start":{"line":187,"column":32},"end":{"line":240,"column":null}},"line":187},"11":{"name":"lastRegisteredModels","decl":{"start":{"line":191,"column":9},"end":{"line":191,"column":32}},"loc":{"start":{"line":191,"column":32},"end":{"line":193,"column":null}},"line":191},"12":{"name":"lastRegisteredModels_2","decl":{"start":{"line":194,"column":9},"end":{"line":194,"column":30}},"loc":{"start":{"line":194,"column":33},"end":{"line":196,"column":null}},"line":194},"13":{"name":"currentConfig","decl":{"start":{"line":197,"column":9},"end":{"line":197,"column":25}},"loc":{"start":{"line":197,"column":25},"end":{"line":199,"column":null}},"line":197},"14":{"name":"currentModelRegistry","decl":{"start":{"line":200,"column":9},"end":{"line":200,"column":32}},"loc":{"start":{"line":200,"column":32},"end":{"line":202,"column":null}},"line":200},"15":{"name":"lastExtensionContext","decl":{"start":{"line":203,"column":9},"end":{"line":203,"column":32}},"loc":{"start":{"line":203,"column":32},"end":{"line":205,"column":null}},"line":203},"16":{"name":"selectedProfile","decl":{"start":{"line":206,"column":9},"end":{"line":206,"column":27}},"loc":{"start":{"line":206,"column":27},"end":{"line":208,"column":null}},"line":206},"17":{"name":"selectedProfile_2","decl":{"start":{"line":209,"column":9},"end":{"line":209,"column":25}},"loc":{"start":{"line":209,"column":28},"end":{"line":211,"column":null}},"line":209},"18":{"name":"routerEnabled","decl":{"start":{"line":212,"column":9},"end":{"line":212,"column":25}},"loc":{"start":{"line":212,"column":25},"end":{"line":214,"column":null}},"line":212},"19":{"name":"routerEnabled_2","decl":{"start":{"line":215,"column":9},"end":{"line":215,"column":23}},"loc":{"start":{"line":215,"column":26},"end":{"line":217,"column":null}},"line":215},"20":{"name":"lastDecision","decl":{"start":{"line":218,"column":9},"end":{"line":218,"column":24}},"loc":{"start":{"line":218,"column":24},"end":{"line":220,"column":null}},"line":218},"21":{"name":"lastDecision_2","decl":{"start":{"line":221,"column":9},"end":{"line":221,"column":22}},"loc":{"start":{"line":221,"column":25},"end":{"line":223,"column":null}},"line":221},"22":{"name":"accumulatedCost","decl":{"start":{"line":224,"column":9},"end":{"line":224,"column":27}},"loc":{"start":{"line":224,"column":27},"end":{"line":226,"column":null}},"line":224},"23":{"name":"accumulatedCost_2","decl":{"start":{"line":227,"column":9},"end":{"line":227,"column":25}},"loc":{"start":{"line":227,"column":28},"end":{"line":229,"column":null}},"line":227},"24":{"name":"failedByChain","decl":{"start":{"line":230,"column":9},"end":{"line":230,"column":25}},"loc":{"start":{"line":230,"column":25},"end":{"line":232,"column":null}},"line":230},"25":{"name":"(anonymous_25)","decl":{"start":{"line":245,"column":33},"end":{"line":245,"column":40}},"loc":{"start":{"line":245,"column":66},"end":{"line":312,"column":null}},"line":245},"26":{"name":"(anonymous_26)","decl":{"start":{"line":250,"column":12},"end":{"line":250,"column":21}},"loc":{"start":{"line":251,"column":3},"end":{"line":251,"column":null}},"line":251},"27":{"name":"(anonymous_27)","decl":{"start":{"line":267,"column":4},"end":{"line":267,"column":null}},"loc":{"start":{"line":269,"column":5},"end":{"line":269,"column":null}},"line":269},"28":{"name":"(anonymous_28)","decl":{"start":{"line":271,"column":4},"end":{"line":271,"column":9}},"loc":{"start":{"line":271,"column":19},"end":{"line":271,"column":29}},"line":271},"29":{"name":"(anonymous_29)","decl":{"start":{"line":272,"column":4},"end":{"line":272,"column":14}},"loc":{"start":{"line":272,"column":23},"end":{"line":272,"column":51}},"line":272},"30":{"name":"currentConfig_2","decl":{"start":{"line":317,"column":7},"end":{"line":317,"column":23}},"loc":{"start":{"line":317,"column":23},"end":{"line":319,"column":null}},"line":317},"31":{"name":"routerEnabled_3","decl":{"start":{"line":320,"column":7},"end":{"line":320,"column":23}},"loc":{"start":{"line":320,"column":23},"end":{"line":322,"column":null}},"line":320},"32":{"name":"routerEnabled_4","decl":{"start":{"line":323,"column":7},"end":{"line":323,"column":21}},"loc":{"start":{"line":323,"column":24},"end":{"line":325,"column":null}},"line":323},"33":{"name":"selectedProfile_3","decl":{"start":{"line":326,"column":7},"end":{"line":326,"column":25}},"loc":{"start":{"line":326,"column":25},"end":{"line":328,"column":null}},"line":326},"34":{"name":"selectedProfile_4","decl":{"start":{"line":329,"column":7},"end":{"line":329,"column":23}},"loc":{"start":{"line":329,"column":26},"end":{"line":331,"column":null}},"line":329},"35":{"name":"lastDecision_3","decl":{"start":{"line":332,"column":7},"end":{"line":332,"column":22}},"loc":{"start":{"line":332,"column":22},"end":{"line":334,"column":null}},"line":332},"36":{"name":"lastNonRouterModel","decl":{"start":{"line":335,"column":7},"end":{"line":335,"column":28}},"loc":{"start":{"line":335,"column":28},"end":{"line":337,"column":null}},"line":335},"37":{"name":"lastNonRouterModel_2","decl":{"start":{"line":338,"column":7},"end":{"line":338,"column":26}},"loc":{"start":{"line":338,"column":29},"end":{"line":340,"column":null}},"line":338},"38":{"name":"accumulatedCost_3","decl":{"start":{"line":341,"column":7},"end":{"line":341,"column":25}},"loc":{"start":{"line":341,"column":25},"end":{"line":343,"column":null}},"line":341},"39":{"name":"debugEnabled","decl":{"start":{"line":344,"column":7},"end":{"line":344,"column":22}},"loc":{"start":{"line":344,"column":22},"end":{"line":346,"column":null}},"line":344},"40":{"name":"debugEnabled_2","decl":{"start":{"line":347,"column":7},"end":{"line":347,"column":20}},"loc":{"start":{"line":347,"column":23},"end":{"line":349,"column":null}},"line":347},"41":{"name":"debugHistory","decl":{"start":{"line":350,"column":7},"end":{"line":350,"column":22}},"loc":{"start":{"line":350,"column":22},"end":{"line":352,"column":null}},"line":350},"42":{"name":"debugHistory_2","decl":{"start":{"line":353,"column":7},"end":{"line":353,"column":20}},"loc":{"start":{"line":353,"column":23},"end":{"line":355,"column":null}},"line":353},"43":{"name":"lastConfigWarnings","decl":{"start":{"line":356,"column":7},"end":{"line":356,"column":28}},"loc":{"start":{"line":356,"column":28},"end":{"line":358,"column":null}},"line":356},"44":{"name":"failedByChain_2","decl":{"start":{"line":359,"column":7},"end":{"line":359,"column":23}},"loc":{"start":{"line":359,"column":23},"end":{"line":361,"column":null}},"line":359},"45":{"name":"(anonymous_45)","decl":{"start":{"line":366,"column":24},"end":{"line":366,"column":31}},"loc":{"start":{"line":366,"column":47},"end":{"line":375,"column":2}},"line":366},"46":{"name":"(anonymous_46)","decl":{"start":{"line":377,"column":7},"end":{"line":377,"column":39}},"loc":{"start":{"line":377,"column":65},"end":{"line":384,"column":null}},"line":377},"47":{"name":"(anonymous_47)","decl":{"start":{"line":386,"column":21},"end":{"line":386,"column":28}},"loc":{"start":{"line":386,"column":44},"end":{"line":388,"column":2}},"line":386},"48":{"name":"(anonymous_48)","decl":{"start":{"line":390,"column":23},"end":{"line":390,"column":30}},"loc":{"start":{"line":390,"column":45},"end":{"line":423,"column":2}},"line":390},"49":{"name":"(anonymous_49)","decl":{"start":{"line":425,"column":19},"end":{"line":425,"column":26}},"loc":{"start":{"line":425,"column":42},"end":{"line":435,"column":2}},"line":425}},"branchMap":{"0":{"loc":{"start":{"line":63,"column":2},"end":{"line":63,"column":null}},"type":"if","locations":[{"start":{"line":63,"column":2},"end":{"line":63,"column":null}},{"start":{},"end":{}}],"line":63},"1":{"loc":{"start":{"line":69,"column":3},"end":{"line":69,"column":null}},"type":"if","locations":[{"start":{"line":69,"column":3},"end":{"line":69,"column":null}},{"start":{},"end":{}}],"line":69},"2":{"loc":{"start":{"line":79,"column":2},"end":{"line":80,"column":null}},"type":"if","locations":[{"start":{"line":79,"column":2},"end":{"line":80,"column":null}},{"start":{},"end":{}}],"line":79},"3":{"loc":{"start":{"line":79,"column":6},"end":{"line":79,"column":null}},"type":"binary-expr","locations":[{"start":{"line":79,"column":6},"end":{"line":79,"column":29}},{"start":{"line":79,"column":29},"end":{"line":79,"column":null}}],"line":79},"4":{"loc":{"start":{"line":84,"column":5},"end":{"line":92,"column":null}},"type":"binary-expr","locations":[{"start":{"line":84,"column":5},"end":{"line":87,"column":null}},{"start":{"line":89,"column":5},"end":{"line":92,"column":null}}],"line":84},"5":{"loc":{"start":{"line":93,"column":3},"end":{"line":97,"column":null}},"type":"if","locations":[{"start":{"line":93,"column":3},"end":{"line":97,"column":null}},{"start":{},"end":{}}],"line":93},"6":{"loc":{"start":{"line":94,"column":4},"end":{"line":95,"column":null}},"type":"binary-expr","locations":[{"start":{"line":94,"column":4},"end":{"line":94,"column":null}},{"start":{"line":95,"column":5},"end":{"line":95,"column":null}}],"line":94},"7":{"loc":{"start":{"line":121,"column":17},"end":{"line":123,"column":null}},"type":"cond-expr","locations":[{"start":{"line":122,"column":6},"end":{"line":122,"column":null}},{"start":{"line":123,"column":6},"end":{"line":123,"column":null}}],"line":121},"8":{"loc":{"start":{"line":129,"column":2},"end":{"line":131,"column":null}},"type":"if","locations":[{"start":{"line":129,"column":2},"end":{"line":131,"column":null}},{"start":{},"end":{}}],"line":129},"9":{"loc":{"start":{"line":151,"column":3},"end":{"line":153,"column":null}},"type":"if","locations":[{"start":{"line":151,"column":3},"end":{"line":153,"column":null}},{"start":{},"end":{}}],"line":151},"10":{"loc":{"start":{"line":152,"column":19},"end":{"line":152,"column":null}},"type":"binary-expr","locations":[{"start":{"line":152,"column":19},"end":{"line":152,"column":42}},{"start":{"line":152,"column":42},"end":{"line":152,"column":null}}],"line":152},"11":{"loc":{"start":{"line":156,"column":3},"end":{"line":164,"column":null}},"type":"if","locations":[{"start":{"line":156,"column":3},"end":{"line":164,"column":null}},{"start":{},"end":{}}],"line":156},"12":{"loc":{"start":{"line":158,"column":4},"end":{"line":163,"column":null}},"type":"if","locations":[{"start":{"line":158,"column":4},"end":{"line":163,"column":null}},{"start":{},"end":{}}],"line":158},"13":{"loc":{"start":{"line":167,"column":3},"end":{"line":169,"column":null}},"type":"if","locations":[{"start":{"line":167,"column":3},"end":{"line":169,"column":null}},{"start":{},"end":{}}],"line":167},"14":{"loc":{"start":{"line":170,"column":3},"end":{"line":174,"column":null}},"type":"if","locations":[{"start":{"line":170,"column":3},"end":{"line":174,"column":null}},{"start":{},"end":{}}],"line":170},"15":{"loc":{"start":{"line":181,"column":3},"end":{"line":181,"column":null}},"type":"if","locations":[{"start":{"line":181,"column":3},"end":{"line":181,"column":null}},{"start":{},"end":{}}],"line":181},"16":{"loc":{"start":{"line":255,"column":3},"end":{"line":257,"column":null}},"type":"cond-expr","locations":[{"start":{"line":256,"column":6},"end":{"line":256,"column":null}},{"start":{"line":257,"column":6},"end":{"line":257,"column":null}}],"line":255},"17":{"loc":{"start":{"line":261,"column":3},"end":{"line":263,"column":null}},"type":"cond-expr","locations":[{"start":{"line":262,"column":6},"end":{"line":262,"column":null}},{"start":{"line":263,"column":6},"end":{"line":263,"column":null}}],"line":261},"18":{"loc":{"start":{"line":261,"column":3},"end":{"line":261,"column":null}},"type":"binary-expr","locations":[{"start":{"line":261,"column":3},"end":{"line":261,"column":16}},{"start":{"line":261,"column":16},"end":{"line":261,"column":null}}],"line":261},"19":{"loc":{"start":{"line":269,"column":5},"end":{"line":269,"column":null}},"type":"binary-expr","locations":[{"start":{"line":269,"column":5},"end":{"line":269,"column":32}},{"start":{"line":269,"column":32},"end":{"line":269,"column":null}}],"line":269},"20":{"loc":{"start":{"line":273,"column":2},"end":{"line":286,"column":null}},"type":"if","locations":[{"start":{"line":273,"column":2},"end":{"line":286,"column":null}},{"start":{},"end":{}}],"line":273},"21":{"loc":{"start":{"line":279,"column":18},"end":{"line":279,"column":null}},"type":"binary-expr","locations":[{"start":{"line":279,"column":18},"end":{"line":279,"column":45}},{"start":{"line":279,"column":45},"end":{"line":279,"column":null}}],"line":279},"22":{"loc":{"start":{"line":280,"column":18},"end":{"line":282,"column":null}},"type":"cond-expr","locations":[{"start":{"line":281,"column":6},"end":{"line":281,"column":null}},{"start":{"line":282,"column":6},"end":{"line":282,"column":null}}],"line":280},"23":{"loc":{"start":{"line":283,"column":24},"end":{"line":283,"column":null}},"type":"binary-expr","locations":[{"start":{"line":283,"column":24},"end":{"line":283,"column":57}},{"start":{"line":283,"column":57},"end":{"line":283,"column":null}}],"line":283},"24":{"loc":{"start":{"line":284,"column":21},"end":{"line":284,"column":null}},"type":"binary-expr","locations":[{"start":{"line":284,"column":21},"end":{"line":284,"column":51}},{"start":{"line":284,"column":51},"end":{"line":284,"column":null}}],"line":284},"25":{"loc":{"start":{"line":288,"column":2},"end":{"line":309,"column":null}},"type":"if","locations":[{"start":{"line":288,"column":2},"end":{"line":309,"column":null}},{"start":{"line":307,"column":9},"end":{"line":309,"column":null}}],"line":288},"26":{"loc":{"start":{"line":288,"column":6},"end":{"line":288,"column":40}},"type":"binary-expr","locations":[{"start":{"line":288,"column":6},"end":{"line":288,"column":23}},{"start":{"line":288,"column":23},"end":{"line":288,"column":40}}],"line":288},"27":{"loc":{"start":{"line":290,"column":3},"end":{"line":306,"column":null}},"type":"if","locations":[{"start":{"line":290,"column":3},"end":{"line":306,"column":null}},{"start":{"line":299,"column":10},"end":{"line":306,"column":null}}],"line":290},"28":{"loc":{"start":{"line":292,"column":4},"end":{"line":298,"column":null}},"type":"if","locations":[{"start":{"line":292,"column":4},"end":{"line":298,"column":null}},{"start":{},"end":{}}],"line":292},"29":{"loc":{"start":{"line":369,"column":2},"end":{"line":374,"column":null}},"type":"if","locations":[{"start":{"line":369,"column":2},"end":{"line":374,"column":null}},{"start":{},"end":{}}],"line":369},"30":{"loc":{"start":{"line":378,"column":2},"end":{"line":383,"column":null}},"type":"if","locations":[{"start":{"line":378,"column":2},"end":{"line":383,"column":null}},{"start":{},"end":{}}],"line":378},"31":{"loc":{"start":{"line":392,"column":2},"end":{"line":392,"column":null}},"type":"if","locations":[{"start":{"line":392,"column":2},"end":{"line":392,"column":null}},{"start":{},"end":{}}],"line":392},"32":{"loc":{"start":{"line":392,"column":6},"end":{"line":392,"column":51}},"type":"binary-expr","locations":[{"start":{"line":392,"column":6},"end":{"line":392,"column":24}},{"start":{"line":392,"column":24},"end":{"line":392,"column":51}}],"line":392},"33":{"loc":{"start":{"line":393,"column":2},"end":{"line":420,"column":null}},"type":"if","locations":[{"start":{"line":393,"column":2},"end":{"line":420,"column":null}},{"start":{"line":416,"column":9},"end":{"line":420,"column":null}}],"line":393},"34":{"loc":{"start":{"line":395,"column":3},"end":{"line":405,"column":null}},"type":"if","locations":[{"start":{"line":395,"column":3},"end":{"line":405,"column":null}},{"start":{},"end":{}}],"line":395},"35":{"loc":{"start":{"line":399,"column":4},"end":{"line":399,"column":null}},"type":"if","locations":[{"start":{"line":399,"column":4},"end":{"line":399,"column":null}},{"start":{},"end":{}}],"line":399},"36":{"loc":{"start":{"line":407,"column":3},"end":{"line":413,"column":null}},"type":"if","locations":[{"start":{"line":407,"column":3},"end":{"line":413,"column":null}},{"start":{},"end":{}}],"line":407},"37":{"loc":{"start":{"line":408,"column":4},"end":{"line":410,"column":null}},"type":"binary-expr","locations":[{"start":{"line":408,"column":4},"end":{"line":408,"column":null}},{"start":{"line":409,"column":5},"end":{"line":409,"column":null}},{"start":{"line":410,"column":5},"end":{"line":410,"column":null}}],"line":408},"38":{"loc":{"start":{"line":427,"column":2},"end":{"line":432,"column":null}},"type":"if","locations":[{"start":{"line":427,"column":2},"end":{"line":432,"column":null}},{"start":{},"end":{}}],"line":427},"39":{"loc":{"start":{"line":427,"column":6},"end":{"line":427,"column":76}},"type":"binary-expr","locations":[{"start":{"line":427,"column":6},"end":{"line":427,"column":23}},{"start":{"line":427,"column":23},"end":{"line":427,"column":42}},{"start":{"line":427,"column":42},"end":{"line":427,"column":76}}],"line":427},"40":{"loc":{"start":{"line":429,"column":3},"end":{"line":431,"column":null}},"type":"if","locations":[{"start":{"line":429,"column":3},"end":{"line":431,"column":null}},{"start":{},"end":{}}],"line":429}},"s":{"0":1,"1":15,"2":15,"3":15,"4":15,"5":15,"6":15,"7":15,"8":15,"9":15,"10":15,"11":15,"12":15,"13":15,"14":11,"15":11,"16":11,"17":0,"18":11,"19":15,"20":0,"21":0,"22":0,"23":0,"24":0,"25":0,"26":0,"27":0,"28":15,"29":1,"30":0,"31":1,"32":1,"33":1,"34":0,"35":1,"36":15,"37":0,"38":15,"39":21,"40":21,"41":0,"42":21,"43":7,"44":14,"45":14,"46":0,"47":14,"48":15,"49":36,"50":30,"51":30,"52":30,"53":30,"54":30,"55":30,"56":30,"57":30,"58":15,"59":15,"60":0,"61":13,"62":2,"63":11,"64":11,"65":11,"66":11,"67":0,"68":0,"69":0,"70":0,"71":0,"72":0,"73":30,"74":30,"75":15,"76":60,"77":120,"78":0,"79":0,"80":0,"81":0,"82":0,"83":0,"84":0,"85":0,"86":0,"87":0,"88":15,"89":15,"90":13,"91":13,"92":13,"93":13,"94":13,"95":13,"96":13,"97":13,"98":13,"99":13,"100":13,"101":13,"102":13,"103":13,"104":6,"105":6,"106":6,"107":13,"108":6,"109":6,"110":6,"111":6,"112":6,"113":6,"114":6,"115":13,"116":13,"117":11,"118":11,"119":10,"120":10,"121":1,"122":1,"123":1,"124":1,"125":1,"126":2,"127":13,"128":13,"129":15,"130":0,"131":0,"132":0,"133":0,"134":0,"135":0,"136":0,"137":0,"138":0,"139":0,"140":0,"141":0,"142":0,"143":0,"144":0,"145":15,"146":13,"147":13,"148":13,"149":1,"150":15,"151":12,"152":2,"153":2,"154":2,"155":2,"156":15,"157":2,"158":15,"159":6,"160":6,"161":1,"162":5,"163":4,"164":4,"165":1,"166":1,"167":1,"168":1,"169":0,"170":1,"171":1,"172":3,"173":3,"174":0,"175":3,"176":3,"177":1,"178":1,"179":1,"180":4,"181":4,"182":15,"183":4,"184":4,"185":1,"186":1,"187":1,"188":4,"189":4},"f":{"0":15,"1":11,"2":0,"3":1,"4":0,"5":21,"6":0,"7":36,"8":30,"9":13,"10":30,"11":30,"12":15,"13":60,"14":120,"15":0,"16":0,"17":0,"18":0,"19":0,"20":0,"21":0,"22":0,"23":0,"24":0,"25":13,"26":13,"27":6,"28":6,"29":6,"30":0,"31":0,"32":0,"33":0,"34":0,"35":0,"36":0,"37":0,"38":0,"39":0,"40":0,"41":0,"42":0,"43":0,"44":0,"45":13,"46":12,"47":2,"48":6,"49":4},"b":{"0":[0,0],"1":[0,0],"2":[0,1],"3":[1,0],"4":[1,1],"5":[0,1],"6":[1,0],"7":[1,20],"8":[7,14],"9":[30,0],"10":[30,30],"11":[15,15],"12":[0,15],"13":[2,11],"14":[11,0],"15":[0,0],"16":[11,2],"17":[2,11],"18":[13,13],"19":[6,6],"20":[6,7],"21":[6,5],"22":[0,6],"23":[6,6],"24":[6,5],"25":[11,2],"26":[13,11],"27":[10,1],"28":[1,9],"29":[1,12],"30":[2,10],"31":[1,5],"32":[6,5],"33":[4,1],"34":[1,3],"35":[0,1],"36":[0,3],"37":[3,3,3],"38":[1,3],"39":[4,3,3],"40":[1,0]},"meta":{"lastBranch":41,"lastFunction":50,"lastStatement":190,"seen":{"s:21:6:441:Infinity":0,"f:21:6:21:25":0,"s:22:35:22:Infinity":1,"s:24:18:24:Infinity":2,"s:26:20:26:Infinity":3,"s:27:21:27:Infinity":4,"s:29:28:29:Infinity":5,"s:30:39:30:Infinity":6,"s:32:23:32:Infinity":7,"s:34:36:34:Infinity":8,"s:36:21:36:Infinity":9,"s:37:29:37:Infinity":10,"s:38:23:38:Infinity":11,"s:43:34:43:Infinity":12,"s:45:28:56:Infinity":13,"f:45:28:45:Infinity":1,"s:48:2:48:Infinity":14,"s:49:2:55:Infinity":15,"s:50:3:50:Infinity":16,"s:52:3:52:Infinity":17,"s:54:3:54:Infinity":18,"s:58:26:74:Infinity":19,"f:58:26:58:Infinity":2,"s:62:21:62:Infinity":20,"b:63:2:63:Infinity:undefined:undefined:undefined:undefined":0,"s:63:2:63:Infinity":21,"s:63:25:63:Infinity":22,"s:64:2:72:Infinity":23,"s:65:13:68:Infinity":24,"b:69:3:69:Infinity:undefined:undefined:undefined:undefined":1,"s:69:3:69:Infinity":25,"s:69:10:69:Infinity":26,"s:73:2:73:Infinity":27,"s:76:28:102:Infinity":28,"f:76:28:76:Infinity":3,"b:79:2:80:Infinity:undefined:undefined:undefined:undefined":2,"s:79:2:80:Infinity":29,"b:79:6:79:29:79:29:79:Infinity":3,"s:80:3:80:Infinity":30,"s:81:2:100:Infinity":31,"s:84:5:92:Infinity":32,"b:84:5:87:Infinity:89:5:92:Infinity":4,"b:93:3:97:Infinity:undefined:undefined:undefined:undefined":5,"s:93:3:97:Infinity":33,"b:94:4:94:Infinity:95:5:95:Infinity":6,"s:97:4:97:Infinity":34,"s:101:2:101:Infinity":35,"s:104:7:106:Infinity":36,"f:104:7:104:30":4,"s:105:2:105:Infinity":37,"s:108:7:138:Infinity":38,"f:108:7:108:28":5,"s:109:16:117:Infinity":39,"s:118:19:128:Infinity":40,"b:122:6:122:Infinity:123:6:123:Infinity":7,"f:124:37:124:42":6,"s:124:56:127:5":41,"b:129:2:131:Infinity:undefined:undefined:undefined:undefined":8,"s:129:2:131:Infinity":42,"s:130:3:130:Infinity":43,"s:132:2:136:Infinity":44,"s:133:3:133:Infinity":45,"s:135:3:135:Infinity":46,"s:137:2:137:Infinity":47,"s:140:17:241:Infinity":48,"f:142:2:142:17":7,"s:143:3:143:Infinity":49,"f:144:2:144:Infinity":8,"s:148:18:148:Infinity":50,"s:149:3:149:Infinity":51,"s:150:3:150:Infinity":52,"b:151:3:153:Infinity:undefined:undefined:undefined:undefined":9,"s:151:3:153:Infinity":53,"s:152:4:152:Infinity":54,"b:152:19:152:42:152:42:152:Infinity":10,"s:154:3:154:Infinity":55,"s:155:3:155:Infinity":56,"b:156:3:164:Infinity:undefined:undefined:undefined:undefined":11,"s:156:3:164:Infinity":57,"s:157:4:157:Infinity":58,"b:158:4:163:Infinity:undefined:undefined:undefined:undefined":12,"s:158:4:163:Infinity":59,"s:159:5:162:Infinity":60,"f:166:34:166:41":9,"b:167:3:169:Infinity:undefined:undefined:undefined:undefined":13,"s:167:3:169:Infinity":61,"s:168:4:168:Infinity":62,"b:170:3:174:Infinity:undefined:undefined:undefined:undefined":14,"s:170:3:174:Infinity":63,"s:171:4:171:Infinity":64,"s:172:4:172:Infinity":65,"s:173:4:173:Infinity":66,"s:175:3:178:Infinity":67,"s:179:3:179:Infinity":68,"s:180:3:180:Infinity":69,"b:181:3:181:Infinity:undefined:undefined:undefined:undefined":15,"s:181:3:181:Infinity":70,"s:181:38:181:Infinity":71,"s:182:3:185:Infinity":72,"f:187:2:187:32":10,"s:188:3:239:Infinity":73,"f:191:9:191:32":11,"s:192:6:192:Infinity":74,"f:194:9:194:30":12,"s:195:6:195:Infinity":75,"f:197:9:197:25":13,"s:198:6:198:Infinity":76,"f:200:9:200:32":14,"s:201:6:201:Infinity":77,"f:203:9:203:32":15,"s:204:6:204:Infinity":78,"f:206:9:206:27":16,"s:207:6:207:Infinity":79,"f:209:9:209:25":17,"s:210:6:210:Infinity":80,"f:212:9:212:25":18,"s:213:6:213:Infinity":81,"f:215:9:215:23":19,"s:216:6:216:Infinity":82,"f:218:9:218:24":20,"s:219:6:219:Infinity":83,"f:221:9:221:22":21,"s:222:6:222:Infinity":84,"f:224:9:224:27":22,"s:225:6:225:Infinity":85,"f:227:9:227:25":23,"s:228:6:228:Infinity":86,"f:230:9:230:25":24,"s:231:6:231:Infinity":87,"s:243:1:243:Infinity":88,"s:245:33:312:Infinity":89,"f:245:33:245:40":25,"s:246:2:246:Infinity":90,"s:247:2:247:Infinity":91,"s:248:2:248:Infinity":92,"s:249:2:249:Infinity":93,"s:250:2:252:Infinity":94,"f:250:12:250:21":26,"s:251:3:251:Infinity":95,"s:253:2:253:Infinity":96,"s:254:2:257:Infinity":97,"b:256:6:256:Infinity:257:6:257:Infinity":16,"s:258:2:258:Infinity":98,"s:259:2:259:Infinity":99,"s:260:2:263:Infinity":100,"b:262:6:262:Infinity:263:6:263:Infinity":17,"b:261:3:261:16:261:16:261:Infinity":18,"s:264:2:264:Infinity":101,"s:265:18:265:Infinity":102,"s:266:21:272:Infinity":103,"f:267:4:267:Infinity":27,"s:269:5:269:Infinity":104,"b:269:5:269:32:269:32:269:Infinity":19,"f:271:4:271:9":28,"s:271:19:271:29":105,"f:272:4:272:14":29,"s:272:23:272:51":106,"b:273:2:286:Infinity:undefined:undefined:undefined:undefined":20,"s:273:2:286:Infinity":107,"s:274:3:277:Infinity":108,"s:278:3:278:Infinity":109,"s:279:3:279:Infinity":110,"b:279:18:279:45:279:45:279:Infinity":21,"s:280:3:282:Infinity":111,"b:281:6:281:Infinity:282:6:282:Infinity":22,"s:283:3:283:Infinity":112,"b:283:24:283:57:283:57:283:Infinity":23,"s:284:3:284:Infinity":113,"b:284:21:284:51:284:51:284:Infinity":24,"s:285:3:285:Infinity":114,"s:287:2:287:Infinity":115,"b:288:2:309:Infinity:307:9:309:Infinity":25,"s:288:2:309:Infinity":116,"b:288:6:288:23:288:23:288:40":26,"s:289:23:289:Infinity":117,"b:290:3:306:Infinity:299:10:306:Infinity":27,"s:290:3:306:Infinity":118,"s:291:20:291:Infinity":119,"b:292:4:298:Infinity:undefined:undefined:undefined:undefined":28,"s:292:4:298:Infinity":120,"s:293:5:296:Infinity":121,"s:297:5:297:Infinity":122,"s:300:4:303:Infinity":123,"s:304:4:304:Infinity":124,"s:305:4:305:Infinity":125,"s:308:3:308:Infinity":126,"s:310:2:310:Infinity":127,"s:311:2:311:Infinity":128,"s:314:1:364:Infinity":129,"f:317:7:317:23":30,"s:318:4:318:Infinity":130,"f:320:7:320:23":31,"s:321:4:321:Infinity":131,"f:323:7:323:21":32,"s:324:4:324:Infinity":132,"f:326:7:326:25":33,"s:327:4:327:Infinity":133,"f:329:7:329:23":34,"s:330:4:330:Infinity":134,"f:332:7:332:22":35,"s:333:4:333:Infinity":135,"f:335:7:335:28":36,"s:336:4:336:Infinity":136,"f:338:7:338:26":37,"s:339:4:339:Infinity":137,"f:341:7:341:25":38,"s:342:4:342:Infinity":138,"f:344:7:344:22":39,"s:345:4:345:Infinity":139,"f:347:7:347:20":40,"s:348:4:348:Infinity":140,"f:350:7:350:22":41,"s:351:4:351:Infinity":141,"f:353:7:353:20":42,"s:354:4:354:Infinity":142,"f:356:7:356:28":43,"s:357:4:357:Infinity":143,"f:359:7:359:23":44,"s:360:4:360:Infinity":144,"s:366:1:375:Infinity":145,"f:366:24:366:31":45,"s:367:2:367:Infinity":146,"s:368:2:368:Infinity":147,"b:369:2:374:Infinity:undefined:undefined:undefined:undefined":29,"s:369:2:374:Infinity":148,"s:370:3:373:Infinity":149,"s:377:7:384:Infinity":150,"f:377:7:377:39":46,"b:378:2:383:Infinity:undefined:undefined:undefined:undefined":30,"s:378:2:383:Infinity":151,"s:379:3:379:Infinity":152,"s:380:3:380:Infinity":153,"s:381:3:381:Infinity":154,"s:382:3:382:Infinity":155,"s:386:1:388:Infinity":156,"f:386:21:386:28":47,"s:387:2:387:Infinity":157,"s:390:1:423:Infinity":158,"f:390:23:390:30":48,"s:391:2:391:Infinity":159,"b:392:2:392:Infinity:undefined:undefined:undefined:undefined":31,"s:392:2:392:Infinity":160,"b:392:6:392:24:392:24:392:51":32,"s:392:51:392:Infinity":161,"b:393:2:420:Infinity:416:9:420:Infinity":33,"s:393:2:420:Infinity":162,"s:394:23:394:Infinity":163,"b:395:3:405:Infinity:undefined:undefined:undefined:undefined":34,"s:395:3:405:Infinity":164,"s:396:4:396:Infinity":165,"s:397:4:397:Infinity":166,"s:398:4:398:Infinity":167,"b:399:4:399:Infinity:undefined:undefined:undefined:undefined":35,"s:399:4:399:Infinity":168,"s:399:39:399:Infinity":169,"s:400:4:403:Infinity":170,"s:404:4:404:Infinity":171,"s:406:25:406:Infinity":172,"b:407:3:413:Infinity:undefined:undefined:undefined:undefined":36,"s:407:3:413:Infinity":173,"b:408:4:408:Infinity:409:5:409:Infinity:410:5:410:Infinity":37,"s:412:4:412:Infinity":174,"s:414:3:414:Infinity":175,"s:415:3:415:Infinity":176,"s:417:3:417:Infinity":177,"s:418:3:418:Infinity":178,"s:419:3:419:Infinity":179,"s:421:2:421:Infinity":180,"s:422:2:422:Infinity":181,"s:425:1:435:Infinity":182,"f:425:19:425:26":49,"s:426:2:426:Infinity":183,"b:427:2:432:Infinity:undefined:undefined:undefined:undefined":38,"s:427:2:432:Infinity":184,"b:427:6:427:23:427:23:427:42:427:42:427:76":39,"s:428:23:428:Infinity":185,"b:429:3:431:Infinity:undefined:undefined:undefined:undefined":40,"s:429:3:431:Infinity":186,"s:430:4:430:Infinity":187,"s:433:2:433:Infinity":188,"s:434:2:434:Infinity":189},"fnNames":{}}}
,"/Users/younwoo/repo/aiai/pi/agent/extensions/pi-model-router/src/classifier.ts": {"path":"/Users/younwoo/repo/aiai/pi/agent/extensions/pi-model-router/src/classifier.ts","statementMap":{"0":{"start":{"line":9,"column":40},"end":{"line":9,"column":null}},"1":{"start":{"line":32,"column":50},"end":{"line":96,"column":null}},"2":{"start":{"line":52,"column":39},"end":{"line":52,"column":null}},"3":{"start":{"line":53,"column":1},"end":{"line":94,"column":null}},"4":{"start":{"line":54,"column":24},"end":{"line":54,"column":null}},"5":{"start":{"line":55,"column":2},"end":{"line":62,"column":null}},"6":{"start":{"line":56,"column":3},"end":{"line":60,"column":null}},"7":{"start":{"line":61,"column":3},"end":{"line":61,"column":null}},"8":{"start":{"line":63,"column":2},"end":{"line":63,"column":null}},"9":{"start":{"line":64,"column":17},"end":{"line":71,"column":null}},"10":{"start":{"line":72,"column":2},"end":{"line":79,"column":null}},"11":{"start":{"line":73,"column":3},"end":{"line":79,"column":null}},"12":{"start":{"line":80,"column":2},"end":{"line":93,"column":null}},"13":{"start":{"line":81,"column":3},"end":{"line":85,"column":null}},"14":{"start":{"line":87,"column":3},"end":{"line":91,"column":null}},"15":{"start":{"line":92,"column":3},"end":{"line":92,"column":null}},"16":{"start":{"line":95,"column":1},"end":{"line":95,"column":null}},"17":{"start":{"line":98,"column":29},"end":{"line":195,"column":null}},"18":{"start":{"line":106,"column":19},"end":{"line":106,"column":null}},"19":{"start":{"line":107,"column":43},"end":{"line":107,"column":null}},"20":{"start":{"line":108,"column":1},"end":{"line":113,"column":null}},"21":{"start":{"line":109,"column":2},"end":{"line":109,"column":null}},"22":{"start":{"line":110,"column":2},"end":{"line":110,"column":null}},"23":{"start":{"line":111,"column":8},"end":{"line":113,"column":null}},"24":{"start":{"line":112,"column":2},"end":{"line":112,"column":null}},"25":{"start":{"line":114,"column":1},"end":{"line":193,"column":null}},"26":{"start":{"line":115,"column":32},"end":{"line":115,"column":null}},"27":{"start":{"line":116,"column":16},"end":{"line":116,"column":null}},"28":{"start":{"line":117,"column":2},"end":{"line":117,"column":null}},"29":{"start":{"line":117,"column":14},"end":{"line":117,"column":null}},"30":{"start":{"line":119,"column":15},"end":{"line":119,"column":null}},"31":{"start":{"line":120,"column":2},"end":{"line":120,"column":null}},"32":{"start":{"line":120,"column":32},"end":{"line":120,"column":null}},"33":{"start":{"line":121,"column":17},"end":{"line":121,"column":null}},"34":{"start":{"line":122,"column":18},"end":{"line":122,"column":null}},"35":{"start":{"line":123,"column":23},"end":{"line":126,"column":null}},"36":{"start":{"line":128,"column":21},"end":{"line":128,"column":null}},"37":{"start":{"line":130,"column":2},"end":{"line":137,"column":null}},"38":{"start":{"line":131,"column":23},"end":{"line":131,"column":null}},"39":{"start":{"line":132,"column":3},"end":{"line":134,"column":null}},"40":{"start":{"line":136,"column":3},"end":{"line":136,"column":null}},"41":{"start":{"line":139,"column":37},"end":{"line":146,"column":null}},"42":{"start":{"line":149,"column":3},"end":{"line":149,"column":null}},"43":{"start":{"line":151,"column":17},"end":{"line":161,"column":null}},"44":{"start":{"line":162,"column":17},"end":{"line":162,"column":null}},"45":{"start":{"line":163,"column":2},"end":{"line":171,"column":null}},"46":{"start":{"line":164,"column":3},"end":{"line":170,"column":null}},"47":{"start":{"line":169,"column":4},"end":{"line":169,"column":null}},"48":{"start":{"line":173,"column":16},"end":{"line":173,"column":null}},"49":{"start":{"line":174,"column":19},"end":{"line":174,"column":null}},"50":{"start":{"line":174,"column":37},"end":{"line":174,"column":72}},"51":{"start":{"line":175,"column":24},"end":{"line":177,"column":null}},"52":{"start":{"line":176,"column":3},"end":{"line":176,"column":null}},"53":{"start":{"line":179,"column":2},"end":{"line":190,"column":null}},"54":{"start":{"line":180,"column":21},"end":{"line":180,"column":null}},"55":{"start":{"line":181,"column":3},"end":{"line":189,"column":null}},"56":{"start":{"line":182,"column":26},"end":{"line":184,"column":null}},"57":{"start":{"line":185,"column":4},"end":{"line":188,"column":null}},"58":{"start":{"line":192,"column":2},"end":{"line":192,"column":null}},"59":{"start":{"line":192,"column":23},"end":{"line":192,"column":null}},"60":{"start":{"line":194,"column":1},"end":{"line":194,"column":null}}},"fnMap":{"0":{"name":"(anonymous_0)","decl":{"start":{"line":32,"column":50},"end":{"line":32,"column":null}},"loc":{"start":{"line":51,"column":6},"end":{"line":96,"column":null}},"line":51},"1":{"name":"(anonymous_1)","decl":{"start":{"line":98,"column":29},"end":{"line":98,"column":null}},"loc":{"start":{"line":105,"column":67},"end":{"line":195,"column":null}},"line":105},"2":{"name":"(anonymous_2)","decl":{"start":{"line":174,"column":25},"end":{"line":174,"column":31}},"loc":{"start":{"line":174,"column":37},"end":{"line":174,"column":72}},"line":174},"3":{"name":"(anonymous_3)","decl":{"start":{"line":175,"column":30},"end":{"line":175,"column":36}},"loc":{"start":{"line":176,"column":3},"end":{"line":176,"column":null}},"line":176}},"branchMap":{"0":{"loc":{"start":{"line":55,"column":2},"end":{"line":62,"column":null}},"type":"if","locations":[{"start":{"line":55,"column":2},"end":{"line":62,"column":null}},{"start":{},"end":{}}],"line":55},"1":{"loc":{"start":{"line":72,"column":2},"end":{"line":79,"column":null}},"type":"if","locations":[{"start":{"line":72,"column":2},"end":{"line":79,"column":null}},{"start":{},"end":{}}],"line":72},"2":{"loc":{"start":{"line":80,"column":2},"end":{"line":93,"column":null}},"type":"if","locations":[{"start":{"line":80,"column":2},"end":{"line":93,"column":null}},{"start":{"line":86,"column":9},"end":{"line":93,"column":null}}],"line":80},"3":{"loc":{"start":{"line":108,"column":1},"end":{"line":113,"column":null}},"type":"if","locations":[{"start":{"line":108,"column":1},"end":{"line":113,"column":null}},{"start":{"line":111,"column":8},"end":{"line":113,"column":null}}],"line":108},"4":{"loc":{"start":{"line":111,"column":8},"end":{"line":113,"column":null}},"type":"if","locations":[{"start":{"line":111,"column":8},"end":{"line":113,"column":null}},{"start":{},"end":{}}],"line":111},"5":{"loc":{"start":{"line":117,"column":2},"end":{"line":117,"column":null}},"type":"if","locations":[{"start":{"line":117,"column":2},"end":{"line":117,"column":null}},{"start":{},"end":{}}],"line":117},"6":{"loc":{"start":{"line":120,"column":2},"end":{"line":120,"column":null}},"type":"if","locations":[{"start":{"line":120,"column":2},"end":{"line":120,"column":null}},{"start":{},"end":{}}],"line":120},"7":{"loc":{"start":{"line":120,"column":6},"end":{"line":120,"column":32}},"type":"binary-expr","locations":[{"start":{"line":120,"column":6},"end":{"line":120,"column":18}},{"start":{"line":120,"column":18},"end":{"line":120,"column":32}}],"line":120},"8":{"loc":{"start":{"line":130,"column":2},"end":{"line":137,"column":null}},"type":"if","locations":[{"start":{"line":130,"column":2},"end":{"line":137,"column":null}},{"start":{"line":135,"column":9},"end":{"line":137,"column":null}}],"line":130},"9":{"loc":{"start":{"line":132,"column":26},"end":{"line":134,"column":null}},"type":"cond-expr","locations":[{"start":{"line":133,"column":6},"end":{"line":133,"column":null}},{"start":{"line":134,"column":6},"end":{"line":134,"column":null}}],"line":132},"10":{"loc":{"start":{"line":149,"column":3},"end":{"line":149,"column":null}},"type":"cond-expr","locations":[{"start":{"line":149,"column":55},"end":{"line":149,"column":66}},{"start":{"line":149,"column":66},"end":{"line":149,"column":null}}],"line":149},"11":{"loc":{"start":{"line":149,"column":3},"end":{"line":149,"column":55}},"type":"binary-expr","locations":[{"start":{"line":149,"column":3},"end":{"line":149,"column":22}},{"start":{"line":149,"column":22},"end":{"line":149,"column":34}},{"start":{"line":149,"column":34},"end":{"line":149,"column":55}}],"line":149},"12":{"loc":{"start":{"line":158,"column":8},"end":{"line":158,"column":null}},"type":"cond-expr","locations":[{"start":{"line":158,"column":26},"end":{"line":158,"column":59}},{"start":{"line":158,"column":59},"end":{"line":158,"column":null}}],"line":158},"13":{"loc":{"start":{"line":159,"column":8},"end":{"line":159,"column":null}},"type":"cond-expr","locations":[{"start":{"line":159,"column":17},"end":{"line":159,"column":30}},{"start":{"line":159,"column":30},"end":{"line":159,"column":null}}],"line":159},"14":{"loc":{"start":{"line":164,"column":3},"end":{"line":170,"column":null}},"type":"if","locations":[{"start":{"line":164,"column":3},"end":{"line":170,"column":null}},{"start":{},"end":{}}],"line":164},"15":{"loc":{"start":{"line":165,"column":4},"end":{"line":167,"column":null}},"type":"binary-expr","locations":[{"start":{"line":165,"column":4},"end":{"line":165,"column":null}},{"start":{"line":166,"column":4},"end":{"line":166,"column":null}},{"start":{"line":167,"column":4},"end":{"line":167,"column":null}}],"line":165},"16":{"loc":{"start":{"line":179,"column":2},"end":{"line":190,"column":null}},"type":"if","locations":[{"start":{"line":179,"column":2},"end":{"line":190,"column":null}},{"start":{},"end":{}}],"line":179},"17":{"loc":{"start":{"line":181,"column":3},"end":{"line":189,"column":null}},"type":"if","locations":[{"start":{"line":181,"column":3},"end":{"line":189,"column":null}},{"start":{},"end":{}}],"line":181},"18":{"loc":{"start":{"line":182,"column":26},"end":{"line":184,"column":null}},"type":"cond-expr","locations":[{"start":{"line":183,"column":7},"end":{"line":183,"column":null}},{"start":{"line":184,"column":7},"end":{"line":184,"column":null}}],"line":182},"19":{"loc":{"start":{"line":192,"column":2},"end":{"line":192,"column":null}},"type":"if","locations":[{"start":{"line":192,"column":2},"end":{"line":192,"column":null}},{"start":{},"end":{}}],"line":192}},"s":{"0":4,"1":4,"2":0,"3":0,"4":0,"5":0,"6":0,"7":0,"8":0,"9":0,"10":0,"11":0,"12":0,"13":0,"14":0,"15":0,"16":0,"17":4,"18":8,"19":8,"20":8,"21":4,"22":4,"23":4,"24":2,"25":8,"26":8,"27":8,"28":8,"29":1,"30":7,"31":7,"32":0,"33":7,"34":7,"35":7,"36":7,"37":7,"38":2,"39":2,"40":5,"41":7,"42":7,"43":8,"44":8,"45":8,"46":8,"47":8,"48":7,"49":7,"50":7,"51":7,"52":13,"53":7,"54":6,"55":6,"56":6,"57":6,"58":0,"59":0,"60":1},"f":{"0":0,"1":8,"2":7,"3":13},"b":{"0":[0,0],"1":[0,0],"2":[0,0],"3":[4,4],"4":[2,2],"5":[1,7],"6":[0,7],"7":[7,7],"8":[2,5],"9":[1,1],"10":[2,5],"11":[7,7,6],"12":[2,5],"13":[2,5],"14":[8,0],"15":[8,8,8],"16":[6,1],"17":[6,0],"18":[6,0],"19":[0,0]},"meta":{"lastBranch":20,"lastFunction":4,"lastStatement":61,"seen":{"s:9:40:9:Infinity":0,"s:32:50:96:Infinity":1,"f:32:50:32:Infinity":0,"s:52:39:52:Infinity":2,"s:53:1:94:Infinity":3,"s:54:24:54:Infinity":4,"b:55:2:62:Infinity:undefined:undefined:undefined:undefined":0,"s:55:2:62:Infinity":5,"s:56:3:60:Infinity":6,"s:61:3:61:Infinity":7,"s:63:2:63:Infinity":8,"s:64:17:71:Infinity":9,"b:72:2:79:Infinity:undefined:undefined:undefined:undefined":1,"s:72:2:79:Infinity":10,"s:73:3:79:Infinity":11,"b:80:2:93:Infinity:86:9:93:Infinity":2,"s:80:2:93:Infinity":12,"s:81:3:85:Infinity":13,"s:87:3:91:Infinity":14,"s:92:3:92:Infinity":15,"s:95:1:95:Infinity":16,"s:98:29:195:Infinity":17,"f:98:29:98:Infinity":1,"s:106:19:106:Infinity":18,"s:107:43:107:Infinity":19,"b:108:1:113:Infinity:111:8:113:Infinity":3,"s:108:1:113:Infinity":20,"s:109:2:109:Infinity":21,"s:110:2:110:Infinity":22,"b:111:8:113:Infinity:undefined:undefined:undefined:undefined":4,"s:111:8:113:Infinity":23,"s:112:2:112:Infinity":24,"s:114:1:193:Infinity":25,"s:115:32:115:Infinity":26,"s:116:16:116:Infinity":27,"b:117:2:117:Infinity:undefined:undefined:undefined:undefined":5,"s:117:2:117:Infinity":28,"s:117:14:117:Infinity":29,"s:119:15:119:Infinity":30,"b:120:2:120:Infinity:undefined:undefined:undefined:undefined":6,"s:120:2:120:Infinity":31,"b:120:6:120:18:120:18:120:32":7,"s:120:32:120:Infinity":32,"s:121:17:121:Infinity":33,"s:122:18:122:Infinity":34,"s:123:23:126:Infinity":35,"s:128:21:128:Infinity":36,"b:130:2:137:Infinity:135:9:137:Infinity":8,"s:130:2:137:Infinity":37,"s:131:23:131:Infinity":38,"s:132:3:134:Infinity":39,"b:133:6:133:Infinity:134:6:134:Infinity":9,"s:136:3:136:Infinity":40,"s:139:37:146:Infinity":41,"s:149:3:149:Infinity":42,"b:149:55:149:66:149:66:149:Infinity":10,"b:149:3:149:22:149:22:149:34:149:34:149:55":11,"s:151:17:161:Infinity":43,"b:158:26:158:59:158:59:158:Infinity":12,"b:159:17:159:30:159:30:159:Infinity":13,"s:162:17:162:Infinity":44,"s:163:2:171:Infinity":45,"b:164:3:170:Infinity:undefined:undefined:undefined:undefined":14,"s:164:3:170:Infinity":46,"b:165:4:165:Infinity:166:4:166:Infinity:167:4:167:Infinity":15,"s:169:4:169:Infinity":47,"s:173:16:173:Infinity":48,"s:174:19:174:Infinity":49,"f:174:25:174:31":2,"s:174:37:174:72":50,"s:175:24:177:Infinity":51,"f:175:30:175:36":3,"s:176:3:176:Infinity":52,"b:179:2:190:Infinity:undefined:undefined:undefined:undefined":16,"s:179:2:190:Infinity":53,"s:180:21:180:Infinity":54,"b:181:3:189:Infinity:undefined:undefined:undefined:undefined":17,"s:181:3:189:Infinity":55,"s:182:26:184:Infinity":56,"b:183:7:183:Infinity:184:7:184:Infinity":18,"s:185:4:188:Infinity":57,"b:192:2:192:Infinity:undefined:undefined:undefined:undefined":19,"s:192:2:192:Infinity":58,"s:192:23:192:Infinity":59,"s:194:1:194:Infinity":60},"fnNames":{}}}
,"/Users/younwoo/repo/aiai/pi/agent/extensions/pi-model-router/src/commands.ts": {"path":"/Users/younwoo/repo/aiai/pi/agent/extensions/pi-model-router/src/commands.ts","statementMap":{"0":{"start":{"line":10,"column":13},"end":{"line":256,"column":null}},"1":{"start":{"line":34,"column":28},"end":{"line":44,"column":null}},"2":{"start":{"line":46,"column":7},"end":{"line":57,"column":null}},"3":{"start":{"line":49,"column":16},"end":{"line":55,"column":null}},"4":{"start":{"line":50,"column":3},"end":{"line":50,"column":null}},"5":{"start":{"line":51,"column":16},"end":{"line":55,"column":4}},"6":{"start":{"line":56,"column":2},"end":{"line":56,"column":null}},"7":{"start":{"line":59,"column":22},"end":{"line":102,"column":null}},"8":{"start":{"line":60,"column":2},"end":{"line":63,"column":null}},"9":{"start":{"line":61,"column":3},"end":{"line":61,"column":null}},"10":{"start":{"line":62,"column":3},"end":{"line":62,"column":null}},"11":{"start":{"line":64,"column":16},"end":{"line":64,"column":null}},"12":{"start":{"line":65,"column":16},"end":{"line":74,"column":null}},"13":{"start":{"line":75,"column":2},"end":{"line":81,"column":null}},"14":{"start":{"line":76,"column":3},"end":{"line":80,"column":null}},"15":{"start":{"line":82,"column":22},"end":{"line":82,"column":null}},"16":{"start":{"line":83,"column":2},"end":{"line":83,"column":null}},"17":{"start":{"line":84,"column":2},"end":{"line":92,"column":null}},"18":{"start":{"line":85,"column":3},"end":{"line":85,"column":null}},"19":{"start":{"line":87,"column":3},"end":{"line":87,"column":null}},"20":{"start":{"line":88,"column":3},"end":{"line":91,"column":null}},"21":{"start":{"line":89,"column":4},"end":{"line":89,"column":null}},"22":{"start":{"line":89,"column":24},"end":{"line":89,"column":null}},"23":{"start":{"line":90,"column":4},"end":{"line":90,"column":null}},"24":{"start":{"line":93,"column":2},"end":{"line":99,"column":null}},"25":{"start":{"line":94,"column":3},"end":{"line":98,"column":null}},"26":{"start":{"line":97,"column":43},"end":{"line":97,"column":53}},"27":{"start":{"line":100,"column":2},"end":{"line":100,"column":null}},"28":{"start":{"line":101,"column":2},"end":{"line":101,"column":null}},"29":{"start":{"line":104,"column":21},"end":{"line":142,"column":null}},"30":{"start":{"line":105,"column":2},"end":{"line":108,"column":null}},"31":{"start":{"line":106,"column":3},"end":{"line":106,"column":null}},"32":{"start":{"line":107,"column":3},"end":{"line":107,"column":null}},"33":{"start":{"line":109,"column":14},"end":{"line":109,"column":null}},"34":{"start":{"line":110,"column":2},"end":{"line":136,"column":null}},"35":{"start":{"line":110,"column":20},"end":{"line":110,"column":null}},"36":{"start":{"line":111,"column":7},"end":{"line":136,"column":null}},"37":{"start":{"line":111,"column":26},"end":{"line":111,"column":null}},"38":{"start":{"line":112,"column":7},"end":{"line":136,"column":null}},"39":{"start":{"line":112,"column":29},"end":{"line":112,"column":null}},"40":{"start":{"line":113,"column":7},"end":{"line":136,"column":null}},"41":{"start":{"line":114,"column":3},"end":{"line":114,"column":null}},"42":{"start":{"line":115,"column":3},"end":{"line":115,"column":null}},"43":{"start":{"line":116,"column":3},"end":{"line":116,"column":null}},"44":{"start":{"line":117,"column":3},"end":{"line":117,"column":null}},"45":{"start":{"line":118,"column":9},"end":{"line":136,"column":null}},"46":{"start":{"line":119,"column":3},"end":{"line":129,"column":null}},"47":{"start":{"line":120,"column":4},"end":{"line":120,"column":null}},"48":{"start":{"line":122,"column":20},"end":{"line":127,"column":null}},"49":{"start":{"line":125,"column":7},"end":{"line":125,"column":null}},"50":{"start":{"line":128,"column":4},"end":{"line":128,"column":null}},"51":{"start":{"line":130,"column":3},"end":{"line":130,"column":null}},"52":{"start":{"line":131,"column":9},"end":{"line":136,"column":null}},"53":{"start":{"line":132,"column":3},"end":{"line":132,"column":null}},"54":{"start":{"line":134,"column":3},"end":{"line":134,"column":null}},"55":{"start":{"line":135,"column":3},"end":{"line":135,"column":null}},"56":{"start":{"line":137,"column":2},"end":{"line":137,"column":null}},"57":{"start":{"line":138,"column":2},"end":{"line":141,"column":null}},"58":{"start":{"line":144,"column":22},"end":{"line":155,"column":null}},"59":{"start":{"line":145,"column":2},"end":{"line":148,"column":null}},"60":{"start":{"line":146,"column":3},"end":{"line":146,"column":null}},"61":{"start":{"line":147,"column":3},"end":{"line":147,"column":null}},"62":{"start":{"line":149,"column":2},"end":{"line":149,"column":null}},"63":{"start":{"line":150,"column":2},"end":{"line":150,"column":null}},"64":{"start":{"line":151,"column":2},"end":{"line":154,"column":null}},"65":{"start":{"line":157,"column":29},"end":{"line":167,"column":null}},"66":{"start":{"line":158,"column":2},"end":{"line":161,"column":null}},"67":{"start":{"line":159,"column":3},"end":{"line":159,"column":null}},"68":{"start":{"line":160,"column":3},"end":{"line":160,"column":null}},"69":{"start":{"line":162,"column":2},"end":{"line":162,"column":null}},"70":{"start":{"line":163,"column":2},"end":{"line":166,"column":null}},"71":{"start":{"line":169,"column":1},"end":{"line":255,"column":null}},"72":{"start":{"line":172,"column":23},"end":{"line":172,"column":null}},"73":{"start":{"line":173,"column":28},"end":{"line":173,"column":null}},"74":{"start":{"line":174,"column":17},"end":{"line":174,"column":null}},"75":{"start":{"line":176,"column":3},"end":{"line":178,"column":null}},"76":{"start":{"line":177,"column":4},"end":{"line":177,"column":null}},"77":{"start":{"line":180,"column":3},"end":{"line":182,"column":null}},"78":{"start":{"line":181,"column":4},"end":{"line":181,"column":null}},"79":{"start":{"line":184,"column":22},"end":{"line":184,"column":null}},"80":{"start":{"line":185,"column":19},"end":{"line":185,"column":null}},"81":{"start":{"line":186,"column":3},"end":{"line":188,"column":null}},"82":{"start":{"line":187,"column":4},"end":{"line":187,"column":null}},"83":{"start":{"line":190,"column":3},"end":{"line":202,"column":null}},"84":{"start":{"line":192,"column":25},"end":{"line":192,"column":null}},"85":{"start":{"line":193,"column":19},"end":{"line":199,"column":null}},"86":{"start":{"line":194,"column":21},"end":{"line":194,"column":46}},"87":{"start":{"line":195,"column":19},"end":{"line":199,"column":8}},"88":{"start":{"line":200,"column":5},"end":{"line":200,"column":null}},"89":{"start":{"line":204,"column":3},"end":{"line":204,"column":null}},"90":{"start":{"line":207,"column":17},"end":{"line":207,"column":null}},"91":{"start":{"line":208,"column":22},"end":{"line":208,"column":null}},"92":{"start":{"line":209,"column":19},"end":{"line":209,"column":null}},"93":{"start":{"line":211,"column":3},"end":{"line":253,"column":null}},"94":{"start":{"line":213,"column":5},"end":{"line":213,"column":null}},"95":{"start":{"line":214,"column":5},"end":{"line":214,"column":null}},"96":{"start":{"line":216,"column":5},"end":{"line":216,"column":null}},"97":{"start":{"line":217,"column":5},"end":{"line":217,"column":null}},"98":{"start":{"line":219,"column":5},"end":{"line":219,"column":null}},"99":{"start":{"line":220,"column":5},"end":{"line":220,"column":null}},"100":{"start":{"line":223,"column":5},"end":{"line":223,"column":null}},"101":{"start":{"line":224,"column":5},"end":{"line":224,"column":null}},"102":{"start":{"line":227,"column":5},"end":{"line":230,"column":null}},"103":{"start":{"line":228,"column":6},"end":{"line":228,"column":null}},"104":{"start":{"line":229,"column":6},"end":{"line":229,"column":null}},"105":{"start":{"line":231,"column":5},"end":{"line":241,"column":null}},"106":{"start":{"line":242,"column":5},"end":{"line":242,"column":null}},"107":{"start":{"line":244,"column":5},"end":{"line":251,"column":null}},"108":{"start":{"line":245,"column":6},"end":{"line":248,"column":null}},"109":{"start":{"line":250,"column":6},"end":{"line":250,"column":null}},"110":{"start":{"line":252,"column":5},"end":{"line":252,"column":null}}},"fnMap":{"0":{"name":"(anonymous_0)","decl":{"start":{"line":10,"column":13},"end":{"line":10,"column":null}},"loc":{"start":{"line":33,"column":5},"end":{"line":256,"column":null}},"line":33},"1":{"name":"(anonymous_1)","decl":{"start":{"line":46,"column":7},"end":{"line":46,"column":null}},"loc":{"start":{"line":48,"column":33},"end":{"line":57,"column":null}},"line":48},"2":{"name":"(anonymous_2)","decl":{"start":{"line":49,"column":35},"end":{"line":49,"column":43}},"loc":{"start":{"line":50,"column":3},"end":{"line":50,"column":null}},"line":50},"3":{"name":"(anonymous_3)","decl":{"start":{"line":51,"column":4},"end":{"line":51,"column":9}},"loc":{"start":{"line":51,"column":16},"end":{"line":55,"column":4}},"line":51},"4":{"name":"(anonymous_4)","decl":{"start":{"line":59,"column":22},"end":{"line":59,"column":29}},"loc":{"start":{"line":59,"column":71},"end":{"line":102,"column":null}},"line":59},"5":{"name":"(anonymous_5)","decl":{"start":{"line":97,"column":32},"end":{"line":97,"column":37}},"loc":{"start":{"line":97,"column":43},"end":{"line":97,"column":53}},"line":97},"6":{"name":"(anonymous_6)","decl":{"start":{"line":104,"column":21},"end":{"line":104,"column":28}},"loc":{"start":{"line":104,"column":70},"end":{"line":142,"column":null}},"line":104},"7":{"name":"(anonymous_7)","decl":{"start":{"line":123,"column":6},"end":{"line":123,"column":null}},"loc":{"start":{"line":125,"column":7},"end":{"line":125,"column":null}},"line":125},"8":{"name":"(anonymous_8)","decl":{"start":{"line":144,"column":22},"end":{"line":144,"column":29}},"loc":{"start":{"line":144,"column":71},"end":{"line":155,"column":null}},"line":144},"9":{"name":"(anonymous_9)","decl":{"start":{"line":157,"column":29},"end":{"line":157,"column":36}},"loc":{"start":{"line":157,"column":78},"end":{"line":167,"column":null}},"line":157},"10":{"name":"(anonymous_10)","decl":{"start":{"line":171,"column":2},"end":{"line":171,"column":27}},"loc":{"start":{"line":171,"column":38},"end":{"line":205,"column":null}},"line":171},"11":{"name":"(anonymous_11)","decl":{"start":{"line":194,"column":7},"end":{"line":194,"column":15}},"loc":{"start":{"line":194,"column":21},"end":{"line":194,"column":46}},"line":194},"12":{"name":"(anonymous_12)","decl":{"start":{"line":195,"column":7},"end":{"line":195,"column":12}},"loc":{"start":{"line":195,"column":19},"end":{"line":199,"column":8}},"line":195},"13":{"name":"(anonymous_13)","decl":{"start":{"line":206,"column":11},"end":{"line":206,"column":18}},"loc":{"start":{"line":206,"column":32},"end":{"line":254,"column":null}},"line":206}},"branchMap":{"0":{"loc":{"start":{"line":56,"column":9},"end":{"line":56,"column":null}},"type":"cond-expr","locations":[{"start":{"line":56,"column":28},"end":{"line":56,"column":36}},{"start":{"line":56,"column":36},"end":{"line":56,"column":null}}],"line":56},"1":{"loc":{"start":{"line":60,"column":2},"end":{"line":63,"column":null}},"type":"if","locations":[{"start":{"line":60,"column":2},"end":{"line":63,"column":null}},{"start":{},"end":{}}],"line":60},"2":{"loc":{"start":{"line":67,"column":22},"end":{"line":67,"column":null}},"type":"cond-expr","locations":[{"start":{"line":67,"column":44},"end":{"line":67,"column":52}},{"start":{"line":67,"column":52},"end":{"line":67,"column":null}}],"line":67},"3":{"loc":{"start":{"line":68,"column":24},"end":{"line":68,"column":null}},"type":"binary-expr","locations":[{"start":{"line":68,"column":24},"end":{"line":68,"column":49}},{"start":{"line":68,"column":49},"end":{"line":68,"column":null}}],"line":68},"4":{"loc":{"start":{"line":72,"column":13},"end":{"line":72,"column":null}},"type":"cond-expr","locations":[{"start":{"line":72,"column":34},"end":{"line":72,"column":41}},{"start":{"line":72,"column":41},"end":{"line":72,"column":null}}],"line":72},"5":{"loc":{"start":{"line":75,"column":2},"end":{"line":81,"column":null}},"type":"if","locations":[{"start":{"line":75,"column":2},"end":{"line":81,"column":null}},{"start":{},"end":{}}],"line":75},"6":{"loc":{"start":{"line":78,"column":93},"end":{"line":78,"column":131}},"type":"binary-expr","locations":[{"start":{"line":78,"column":93},"end":{"line":78,"column":124}},{"start":{"line":78,"column":124},"end":{"line":78,"column":131}}],"line":78},"7":{"loc":{"start":{"line":82,"column":22},"end":{"line":82,"column":null}},"type":"binary-expr","locations":[{"start":{"line":82,"column":22},"end":{"line":82,"column":57}},{"start":{"line":82,"column":57},"end":{"line":82,"column":null}}],"line":82},"8":{"loc":{"start":{"line":84,"column":2},"end":{"line":92,"column":null}},"type":"if","locations":[{"start":{"line":84,"column":2},"end":{"line":92,"column":null}},{"start":{"line":86,"column":9},"end":{"line":92,"column":null}}],"line":84},"9":{"loc":{"start":{"line":89,"column":4},"end":{"line":89,"column":null}},"type":"if","locations":[{"start":{"line":89,"column":4},"end":{"line":89,"column":null}},{"start":{},"end":{}}],"line":89},"10":{"loc":{"start":{"line":93,"column":2},"end":{"line":99,"column":null}},"type":"if","locations":[{"start":{"line":93,"column":2},"end":{"line":99,"column":null}},{"start":{},"end":{}}],"line":93},"11":{"loc":{"start":{"line":93,"column":6},"end":{"line":93,"column":71}},"type":"binary-expr","locations":[{"start":{"line":93,"column":6},"end":{"line":93,"column":34}},{"start":{"line":93,"column":34},"end":{"line":93,"column":71}}],"line":93},"12":{"loc":{"start":{"line":105,"column":2},"end":{"line":108,"column":null}},"type":"if","locations":[{"start":{"line":105,"column":2},"end":{"line":108,"column":null}},{"start":{},"end":{}}],"line":105},"13":{"loc":{"start":{"line":110,"column":2},"end":{"line":136,"column":null}},"type":"if","locations":[{"start":{"line":110,"column":2},"end":{"line":136,"column":null}},{"start":{"line":111,"column":7},"end":{"line":136,"column":null}}],"line":110},"14":{"loc":{"start":{"line":111,"column":7},"end":{"line":136,"column":null}},"type":"if","locations":[{"start":{"line":111,"column":7},"end":{"line":136,"column":null}},{"start":{"line":112,"column":7},"end":{"line":136,"column":null}}],"line":111},"15":{"loc":{"start":{"line":112,"column":7},"end":{"line":136,"column":null}},"type":"if","locations":[{"start":{"line":112,"column":7},"end":{"line":136,"column":null}},{"start":{"line":113,"column":7},"end":{"line":136,"column":null}}],"line":112},"16":{"loc":{"start":{"line":113,"column":7},"end":{"line":136,"column":null}},"type":"if","locations":[{"start":{"line":113,"column":7},"end":{"line":136,"column":null}},{"start":{"line":118,"column":9},"end":{"line":136,"column":null}}],"line":113},"17":{"loc":{"start":{"line":118,"column":9},"end":{"line":136,"column":null}},"type":"if","locations":[{"start":{"line":118,"column":9},"end":{"line":136,"column":null}},{"start":{"line":131,"column":9},"end":{"line":136,"column":null}}],"line":118},"18":{"loc":{"start":{"line":119,"column":3},"end":{"line":129,"column":null}},"type":"if","locations":[{"start":{"line":119,"column":3},"end":{"line":129,"column":null}},{"start":{"line":121,"column":10},"end":{"line":129,"column":null}}],"line":119},"19":{"loc":{"start":{"line":131,"column":9},"end":{"line":136,"column":null}},"type":"if","locations":[{"start":{"line":131,"column":9},"end":{"line":136,"column":null}},{"start":{"line":133,"column":9},"end":{"line":136,"column":null}}],"line":131},"20":{"loc":{"start":{"line":131,"column":13},"end":{"line":131,"column":46}},"type":"binary-expr","locations":[{"start":{"line":131,"column":13},"end":{"line":131,"column":34}},{"start":{"line":131,"column":34},"end":{"line":131,"column":46}}],"line":131},"21":{"loc":{"start":{"line":139,"column":19},"end":{"line":139,"column":63}},"type":"cond-expr","locations":[{"start":{"line":139,"column":40},"end":{"line":139,"column":52}},{"start":{"line":139,"column":52},"end":{"line":139,"column":63}}],"line":139},"22":{"loc":{"start":{"line":145,"column":2},"end":{"line":148,"column":null}},"type":"if","locations":[{"start":{"line":145,"column":2},"end":{"line":148,"column":null}},{"start":{},"end":{}}],"line":145},"23":{"loc":{"start":{"line":158,"column":2},"end":{"line":161,"column":null}},"type":"if","locations":[{"start":{"line":158,"column":2},"end":{"line":161,"column":null}},{"start":{},"end":{}}],"line":158},"24":{"loc":{"start":{"line":174,"column":17},"end":{"line":174,"column":null}},"type":"cond-expr","locations":[{"start":{"line":174,"column":42},"end":{"line":174,"column":69}},{"start":{"line":174,"column":69},"end":{"line":174,"column":null}}],"line":174},"25":{"loc":{"start":{"line":176,"column":3},"end":{"line":178,"column":null}},"type":"if","locations":[{"start":{"line":176,"column":3},"end":{"line":178,"column":null}},{"start":{},"end":{}}],"line":176},"26":{"loc":{"start":{"line":180,"column":3},"end":{"line":182,"column":null}},"type":"if","locations":[{"start":{"line":180,"column":3},"end":{"line":182,"column":null}},{"start":{},"end":{}}],"line":180},"27":{"loc":{"start":{"line":180,"column":7},"end":{"line":180,"column":48}},"type":"binary-expr","locations":[{"start":{"line":180,"column":7},"end":{"line":180,"column":29}},{"start":{"line":180,"column":29},"end":{"line":180,"column":48}}],"line":180},"28":{"loc":{"start":{"line":186,"column":3},"end":{"line":188,"column":null}},"type":"if","locations":[{"start":{"line":186,"column":3},"end":{"line":188,"column":null}},{"start":{},"end":{}}],"line":186},"29":{"loc":{"start":{"line":186,"column":7},"end":{"line":186,"column":47}},"type":"binary-expr","locations":[{"start":{"line":186,"column":7},"end":{"line":186,"column":27}},{"start":{"line":186,"column":27},"end":{"line":186,"column":47}}],"line":186},"30":{"loc":{"start":{"line":190,"column":3},"end":{"line":202,"column":null}},"type":"switch","locations":[{"start":{"line":191,"column":4},"end":{"line":201,"column":null}}],"line":190},"31":{"loc":{"start":{"line":192,"column":25},"end":{"line":192,"column":null}},"type":"binary-expr","locations":[{"start":{"line":192,"column":25},"end":{"line":192,"column":39}},{"start":{"line":192,"column":39},"end":{"line":192,"column":null}}],"line":192},"32":{"loc":{"start":{"line":200,"column":12},"end":{"line":200,"column":null}},"type":"cond-expr","locations":[{"start":{"line":200,"column":31},"end":{"line":200,"column":39}},{"start":{"line":200,"column":39},"end":{"line":200,"column":null}}],"line":200},"33":{"loc":{"start":{"line":207,"column":17},"end":{"line":207,"column":null}},"type":"binary-expr","locations":[{"start":{"line":207,"column":17},"end":{"line":207,"column":46}},{"start":{"line":207,"column":46},"end":{"line":207,"column":null}}],"line":207},"34":{"loc":{"start":{"line":211,"column":3},"end":{"line":253,"column":null}},"type":"switch","locations":[{"start":{"line":212,"column":4},"end":{"line":214,"column":null}},{"start":{"line":215,"column":4},"end":{"line":217,"column":null}},{"start":{"line":218,"column":4},"end":{"line":220,"column":null}},{"start":{"line":221,"column":4},"end":{"line":221,"column":null}},{"start":{"line":222,"column":4},"end":{"line":224,"column":null}},{"start":{"line":225,"column":4},"end":{"line":225,"column":null}},{"start":{"line":226,"column":4},"end":{"line":242,"column":null}},{"start":{"line":243,"column":4},"end":{"line":252,"column":null}}],"line":211},"35":{"loc":{"start":{"line":227,"column":5},"end":{"line":230,"column":null}},"type":"if","locations":[{"start":{"line":227,"column":5},"end":{"line":230,"column":null}},{"start":{},"end":{}}],"line":227},"36":{"loc":{"start":{"line":244,"column":5},"end":{"line":251,"column":null}},"type":"if","locations":[{"start":{"line":244,"column":5},"end":{"line":251,"column":null}},{"start":{"line":249,"column":12},"end":{"line":251,"column":null}}],"line":244}},"s":{"0":2,"1":37,"2":37,"3":2,"4":12,"5":7,"6":2,"7":37,"8":5,"9":1,"10":1,"11":4,"12":4,"13":5,"14":3,"15":4,"16":5,"17":5,"18":4,"19":0,"20":0,"21":0,"22":0,"23":0,"24":4,"25":1,"26":2,"27":4,"28":4,"29":37,"30":8,"31":1,"32":1,"33":7,"34":8,"35":1,"36":6,"37":1,"38":5,"39":0,"40":5,"41":1,"42":1,"43":1,"44":1,"45":4,"46":2,"47":1,"48":1,"49":1,"50":1,"51":2,"52":2,"53":2,"54":0,"55":0,"56":4,"57":4,"58":37,"59":2,"60":1,"61":1,"62":1,"63":1,"64":1,"65":37,"66":0,"67":0,"68":0,"69":0,"70":0,"71":37,"72":4,"73":4,"74":4,"75":4,"76":1,"77":3,"78":1,"79":2,"80":2,"81":2,"82":0,"83":2,"84":1,"85":1,"86":5,"87":5,"88":1,"89":1,"90":19,"91":19,"92":19,"93":19,"94":8,"95":8,"96":2,"97":2,"98":4,"99":4,"100":0,"101":0,"102":3,"103":1,"104":1,"105":2,"106":2,"107":2,"108":1,"109":1,"110":2},"f":{"0":37,"1":2,"2":12,"3":7,"4":5,"5":2,"6":8,"7":1,"8":2,"9":0,"10":4,"11":5,"12":5,"13":19},"b":{"0":[2,0],"1":[1,4],"2":[4,0],"3":[5,0],"4":[0,4],"5":[3,2],"6":[3,0],"7":[4,4],"8":[4,0],"9":[0,0],"10":[1,3],"11":[4,4],"12":[1,7],"13":[1,6],"14":[1,5],"15":[0,5],"16":[1,4],"17":[2,2],"18":[1,1],"19":[2,0],"20":[2,0],"21":[2,2],"22":[1,1],"23":[0,0],"24":[3,1],"25":[1,3],"26":[1,2],"27":[3,1],"28":[0,2],"29":[2,2],"30":[1],"31":[1,0],"32":[1,0],"33":[19,0],"34":[8,2,4,0,0,2,3,2],"35":[1,2],"36":[1,1]},"meta":{"lastBranch":37,"lastFunction":14,"lastStatement":111,"seen":{"s:10:13:256:Infinity":0,"f:10:13:10:Infinity":0,"s:34:28:44:Infinity":1,"s:46:7:57:Infinity":2,"f:46:7:46:Infinity":1,"s:49:16:55:Infinity":3,"f:49:35:49:43":2,"s:50:3:50:Infinity":4,"f:51:4:51:9":3,"s:51:16:55:4":5,"s:56:2:56:Infinity":6,"b:56:28:56:36:56:36:56:Infinity":0,"s:59:22:102:Infinity":7,"f:59:22:59:29":4,"b:60:2:63:Infinity:undefined:undefined:undefined:undefined":1,"s:60:2:63:Infinity":8,"s:61:3:61:Infinity":9,"s:62:3:62:Infinity":10,"s:64:16:64:Infinity":11,"s:65:16:74:Infinity":12,"b:67:44:67:52:67:52:67:Infinity":2,"b:68:24:68:49:68:49:68:Infinity":3,"b:72:34:72:41:72:41:72:Infinity":4,"b:75:2:81:Infinity:undefined:undefined:undefined:undefined":5,"s:75:2:81:Infinity":13,"s:76:3:80:Infinity":14,"b:78:93:78:124:78:124:78:131":6,"s:82:22:82:Infinity":15,"b:82:22:82:57:82:57:82:Infinity":7,"s:83:2:83:Infinity":16,"b:84:2:92:Infinity:86:9:92:Infinity":8,"s:84:2:92:Infinity":17,"s:85:3:85:Infinity":18,"s:87:3:87:Infinity":19,"s:88:3:91:Infinity":20,"b:89:4:89:Infinity:undefined:undefined:undefined:undefined":9,"s:89:4:89:Infinity":21,"s:89:24:89:Infinity":22,"s:90:4:90:Infinity":23,"b:93:2:99:Infinity:undefined:undefined:undefined:undefined":10,"s:93:2:99:Infinity":24,"b:93:6:93:34:93:34:93:71":11,"s:94:3:98:Infinity":25,"f:97:32:97:37":5,"s:97:43:97:53":26,"s:100:2:100:Infinity":27,"s:101:2:101:Infinity":28,"s:104:21:142:Infinity":29,"f:104:21:104:28":6,"b:105:2:108:Infinity:undefined:undefined:undefined:undefined":12,"s:105:2:108:Infinity":30,"s:106:3:106:Infinity":31,"s:107:3:107:Infinity":32,"s:109:14:109:Infinity":33,"b:110:2:136:Infinity:111:7:136:Infinit
[...]
ne":9,"column":null}},"type":"if","locations":[{"start":{"line":9,"column":1},"end":{"line":9,"column":null}},{"start":{},"end":{}}],"line":9},"3":{"loc":{"start":{"line":10,"column":1},"end":{"line":10,"column":null}},"type":"if","locations":[{"start":{"line":10,"column":1},"end":{"line":10,"column":null}},{"start":{},"end":{}}],"line":10},"4":{"loc":{"start":{"line":11,"column":1},"end":{"line":11,"column":null}},"type":"if","locations":[{"start":{"line":11,"column":1},"end":{"line":11,"column":null}},{"start":{},"end":{}}],"line":11},"5":{"loc":{"start":{"line":19,"column":1},"end":{"line":19,"column":null}},"type":"if","locations":[{"start":{"line":19,"column":1},"end":{"line":19,"column":null}},{"start":{},"end":{}}],"line":19},"6":{"loc":{"start":{"line":30,"column":2},"end":{"line":30,"column":null}},"type":"if","locations":[{"start":{"line":30,"column":2},"end":{"line":30,"column":null}},{"start":{},"end":{}}],"line":30},"7":{"loc":{"start":{"line":33,"column":2},"end":{"line":33,"column":null}},"type":"if","locations":[{"start":{"line":33,"column":2},"end":{"line":33,"column":null}},{"start":{},"end":{}}],"line":33},"8":{"loc":{"start":{"line":46,"column":1},"end":{"line":50,"column":null}},"type":"if","locations":[{"start":{"line":46,"column":1},"end":{"line":50,"column":null}},{"start":{},"end":{}}],"line":46},"9":{"loc":{"start":{"line":53,"column":27},"end":{"line":53,"column":null}},"type":"binary-expr","locations":[{"start":{"line":53,"column":27},"end":{"line":53,"column":39}},{"start":{"line":53,"column":39},"end":{"line":53,"column":null}}],"line":53},"10":{"loc":{"start":{"line":81,"column":1},"end":{"line":84,"column":null}},"type":"if","locations":[{"start":{"line":81,"column":1},"end":{"line":84,"column":null}},{"start":{},"end":{}}],"line":81}},"s":{"0":4,"1":23,"2":1,"3":22,"4":1,"5":21,"6":3,"7":18,"8":14,"9":4,"10":1,"11":3,"12":4,"13":39,"14":35,"15":4,"16":4,"17":4,"18":4,"19":7,"20":3,"21":1,"22":1,"23":1,"24":1,"25":0,"26":4,"27":38,"28":38,"29":1,"30":37,"31":37,"32":37,"33":38,"34":4,"35":19,"36":19,"37":19,"38":19,"39":0,"40":0,"41":19,"42":19},"f":{"0":23,"1":39,"2":38,"3":19},"b":{"0":[1,22],"1":[1,21],"2":[3,18],"3":[14,4],"4":[1,3],"5":[35,4],"6":[3,4],"7":[1,0],"8":[1,37],"9":[37,37],"10":[0,19]},"meta":{"lastBranch":11,"lastFunction":4,"lastStatement":43,"seen":{"s:6:13:13:Infinity":0,"f:6:13:6:31":0,"b:7:1:7:Infinity:undefined:undefined:undefined:undefined":0,"s:7:1:7:Infinity":1,"s:7:25:7:Infinity":2,"b:8:1:8:Infinity:undefined:undefined:undefined:undefined":1,"s:8:1:8:Infinity":3,"s:8:27:8:Infinity":4,"b:9:1:9:Infinity:undefined:undefined:undefined:undefined":2,"s:9:1:9:Infinity":5,"s:9:26:9:Infinity":6,"b:10:1:10:Infinity:undefined:undefined:undefined:undefined":3,"s:10:1:10:Infinity":7,"s:10:28:10:Infinity":8,"b:11:1:11:Infinity:undefined:undefined:undefined:undefined":4,"s:11:1:11:Infinity":9,"s:11:25:11:Infinity":10,"s:12:1:12:Infinity":11,"s:15:13:36:Infinity":12,"f:15:13:15:Infinity":1,"b:19:1:19:Infinity:undefined:undefined:undefined:undefined":5,"s:19:1:19:Infinity":13,"s:19:25:19:Infinity":14,"s:20:29:27:Infinity":15,"s:28:18:28:Infinity":16,"s:29:1:31:Infinity":17,"s:29:14:29:28":18,"b:30:2:30:Infinity:undefined:undefined:undefined:undefined":6,"s:30:2:30:Infinity":19,"s:30:25:30:Infinity":20,"s:32:1:34:Infinity":21,"s:32:14:32:28":22,"b:33:2:33:Infinity:undefined:undefined:undefined:undefined":7,"s:33:2:33:Infinity":23,"s:33:25:33:Infinity":24,"s:35:1:35:Infinity":25,"s:38:13:66:Infinity":26,"f:38:13:38:Infinity":2,"s:45:16:45:Infinity":27,"b:46:1:50:Infinity:undefined:undefined:undefined:undefined":8,"s:46:1:50:Infinity":28,"s:47:2:49:Infinity":29,"s:51:20:51:Infinity":30,"s:52:41:52:Infinity":31,"s:53:27:53:Infinity":32,"b:53:27:53:39:53:39:53:Infinity":9,"s:55:1:65:Infinity":33,"s:68:13:94:Infinity":34,"f:68:13:68:Infinity":3,"s:77:24:77:Infinity":35,"s:78:17:78:Infinity":36,"s:80:22:80:Infinity":37,"b:81:1:84:Infinity:undefined:undefined:undefined:undefined":10,"s:81:1:84:Infinity":38,"s:82:2:82:Infinity":39,"s:83:2:83:Infinity":40,"s:86:18:92:Infinity":41,"s:93:1:93:Infinity":42},"fnNames":{}}}
,"/Users/younwoo/repo/aiai/pi/agent/extensions/pi-model-router/src/state.ts": {"path":"/Users/younwoo/repo/aiai/pi/agent/extensions/pi-model-router/src/state.ts","statementMap":{"0":{"start":{"line":3,"column":13},"end":{"line":52,"column":null}},"1":{"start":{"line":6,"column":1},"end":{"line":8,"column":null}},"2":{"start":{"line":7,"column":2},"end":{"line":7,"column":null}},"3":{"start":{"line":9,"column":11},"end":{"line":9,"column":null}},"4":{"start":{"line":10,"column":1},"end":{"line":16,"column":null}},"5":{"start":{"line":15,"column":2},"end":{"line":15,"column":null}},"6":{"start":{"line":17,"column":1},"end":{"line":19,"column":null}},"7":{"start":{"line":18,"column":2},"end":{"line":18,"column":null}},"8":{"start":{"line":20,"column":1},"end":{"line":27,"column":null}},"9":{"start":{"line":26,"column":2},"end":{"line":26,"column":null}},"10":{"start":{"line":28,"column":1},"end":{"line":41,"column":null}},"11":{"start":{"line":29,"column":2},"end":{"line":31,"column":null}},"12":{"start":{"line":30,"column":3},"end":{"line":30,"column":null}},"13":{"start":{"line":32,"column":12},"end":{"line":32,"column":null}},"14":{"start":{"line":33,"column":2},"end":{"line":40,"column":null}},"15":{"start":{"line":39,"column":3},"end":{"line":39,"column":null}},"16":{"start":{"line":42,"column":1},"end":{"line":44,"column":null}},"17":{"start":{"line":43,"column":2},"end":{"line":43,"column":null}},"18":{"start":{"line":45,"column":1},"end":{"line":50,"column":null}},"19":{"start":{"line":49,"column":2},"end":{"line":49,"column":null}},"20":{"start":{"line":51,"column":1},"end":{"line":51,"column":null}},"21":{"start":{"line":54,"column":13},"end":{"line":73,"column":null}},"22":{"start":{"line":63,"column":1},"end":{"line":72,"column":null}}},"fnMap":{"0":{"name":"(anonymous_0)","decl":{"start":{"line":3,"column":13},"end":{"line":3,"column":null}},"loc":{"start":{"line":5,"column":36},"end":{"line":52,"column":null}},"line":5},"1":{"name":"(anonymous_1)","decl":{"start":{"line":54,"column":13},"end":{"line":54,"column":null}},"loc":{"start":{"line":62,"column":27},"end":{"line":73,"column":null}},"line":62}},"branchMap":{"0":{"loc":{"start":{"line":6,"column":1},"end":{"line":8,"column":null}},"type":"if","locations":[{"start":{"line":6,"column":1},"end":{"line":8,"column":null}},{"start":{},"end":{}}],"line":6},"1":{"loc":{"start":{"line":6,"column":5},"end":{"line":6,"column":50}},"type":"binary-expr","locations":[{"start":{"line":6,"column":5},"end":{"line":6,"column":34}},{"start":{"line":6,"column":34},"end":{"line":6,"column":50}}],"line":6},"2":{"loc":{"start":{"line":10,"column":1},"end":{"line":16,"column":null}},"type":"if","locations":[{"start":{"line":10,"column":1},"end":{"line":16,"column":null}},{"start":{},"end":{}}],"line":10},"3":{"loc":{"start":{"line":11,"column":2},"end":{"line":13,"column":null}},"type":"binary-expr","locations":[{"start":{"line":11,"column":2},"end":{"line":11,"column":null}},{"start":{"line":12,"column":2},"end":{"line":12,"column":null}},{"start":{"line":13,"column":2},"end":{"line":13,"column":null}}],"line":11},"4":{"loc":{"start":{"line":17,"column":1},"end":{"line":19,"column":null}},"type":"if","locations":[{"start":{"line":17,"column":1},"end":{"line":19,"column":null}},{"start":{},"end":{}}],"line":17},"5":{"loc":{"start":{"line":17,"column":5},"end":{"line":17,"column":69}},"type":"binary-expr","locations":[{"start":{"line":17,"column":5},"end":{"line":17,"column":37}},{"start":{"line":17,"column":37},"end":{"line":17,"column":69}}],"line":17},"6":{"loc":{"start":{"line":20,"column":1},"end":{"line":27,"column":null}},"type":"if","locations":[{"start":{"line":20,"column":1},"end":{"line":27,"column":null}},{"start":{},"end":{}}],"line":20},"7":{"loc":{"start":{"line":21,"column":2},"end":{"line":24,"column":null}},"type":"binary-expr","locations":[{"start":{"line":21,"column":2},"end":{"line":21,"column":null}},{"start":{"line":22,"column":3},"end":{"line":22,"column":null}},{"start":{"line":23,"column":3},"end":{"line":23,"column":null}},{"start":{"line":24,"column":3},"end":{"line":24,"column":null}}],"line":21},"8":{"loc":{"start":{"line":28,"column":1},"end":{"line":41,"column":null}},"type":"if","locations":[{"start":{"line":28,"column":1},"end":{"line":41,"column":null}},{"start":{},"end":{}}],"line":28},"9":{"loc":{"start":{"line":28,"column":5},"end":{"line":28,"column":62}},"type":"binary-expr","locations":[{"start":{"line":28,"column":5},"end":{"line":28,"column":37}},{"start":{"line":28,"column":37},"end":{"line":28,"column":62}}],"line":28},"10":{"loc":{"start":{"line":29,"column":2},"end":{"line":31,"column":null}},"type":"if","locations":[{"start":{"line":29,"column":2},"end":{"line":31,"column":null}},{"start":{},"end":{}}],"line":29},"11":{"loc":{"start":{"line":29,"column":6},"end":{"line":29,"column":75}},"type":"binary-expr","locations":[{"start":{"line":29,"column":6},"end":{"line":29,"column":44}},{"start":{"line":29,"column":44},"end":{"line":29,"column":75}}],"line":29},"12":{"loc":{"start":{"line":33,"column":2},"end":{"line":40,"column":null}},"type":"if","locations":[{"start":{"line":33,"column":2},"end":{"line":40,"column":null}},{"start":{},"end":{}}],"line":33},"13":{"loc":{"start":{"line":34,"column":3},"end":{"line":37,"column":null}},"type":"binary-expr","locations":[{"start":{"line":34,"column":3},"end":{"line":34,"column":null}},{"start":{"line":35,"column":3},"end":{"line":35,"column":null}},{"start":{"line":36,"column":3},"end":{"line":36,"column":null}},{"start":{"line":37,"column":3},"end":{"line":37,"column":null}}],"line":34},"14":{"loc":{"start":{"line":42,"column":1},"end":{"line":44,"column":null}},"type":"if","locations":[{"start":{"line":42,"column":1},"end":{"line":44,"column":null}},{"start":{},"end":{}}],"line":42},"15":{"loc":{"start":{"line":42,"column":5},"end":{"line":42,"column":74}},"type":"binary-expr","locations":[{"start":{"line":42,"column":5},"end":{"line":42,"column":37}},{"start":{"line":42,"column":37},"end":{"line":42,"column":74}}],"line":42},"16":{"loc":{"start":{"line":45,"column":1},"end":{"line":50,"column":null}},"type":"if","locations":[{"start":{"line":45,"column":1},"end":{"line":50,"column":null}},{"start":{},"end":{}}],"line":45},"17":{"loc":{"start":{"line":46,"column":2},"end":{"line":47,"column":null}},"type":"binary-expr","locations":[{"start":{"line":46,"column":2},"end":{"line":46,"column":null}},{"start":{"line":47,"column":2},"end":{"line":47,"column":null}}],"line":46},"18":{"loc":{"start":{"line":65,"column":19},"end":{"line":65,"column":null}},"type":"binary-expr","locations":[{"start":{"line":65,"column":19},"end":{"line":65,"column":38}},{"start":{"line":65,"column":38},"end":{"line":65,"column":null}}],"line":65}},"s":{"0":2,"1":25,"2":10,"3":15,"4":15,"5":2,"6":13,"7":0,"8":13,"9":0,"10":13,"11":2,"12":0,"13":2,"14":2,"15":0,"16":13,"17":0,"18":13,"19":0,"20":13,"21":2,"22":23},"f":{"0":25,"1":23},"b":{"0":[10,15],"1":[25,16],"2":[2,13],"3":[15,14,13],"4":[0,13],"5":[13,0],"6":[0,13],"7":[13,2,2,2],"8":[2,11],"9":[13,2],"10":[0,2],"11":[2,2],"12":[0,2],"13":[2,2,2,2],"14":[0,13],"15":[13,2],"16":[0,13],"17":[13,0],"18":[23,3]},"meta":{"lastBranch":19,"lastFunction":2,"lastStatement":23,"seen":{"s:3:13:52:Infinity":0,"f:3:13:3:Infinity":0,"b:6:1:8:Infinity:undefined:undefined:undefined:undefined":0,"s:6:1:8:Infinity":1,"b:6:5:6:34:6:34:6:50":1,"s:7:2:7:Infinity":2,"s:9:11:9:Infinity":3,"b:10:1:16:Infinity:undefined:undefined:undefined:undefined":2,"s:10:1:16:Infinity":4,"b:11:2:11:Infinity:12:2:12:Infinity:13:2:13:Infinity":3,"s:15:2:15:Infinity":5,"b:17:1:19:Infinity:undefined:undefined:undefined:undefined":4,"s:17:1:19:Infinity":6,"b:17:5:17:37:17:37:17:69":5,"s:18:2:18:Infinity":7,"b:20:1:27:Infinity:undefined:undefined:undefined:undefined":6,"s:20:1:27:Infinity":8,"b:21:2:21:Infinity:22:3:22:Infinity:23:3:23:Infinity:24:3:24:Infinity":7,"s:26:2:26:Infinity":9,"b:28:1:41:Infinity:undefined:undefined:undefined:undefined":8,"s:28:1:41:Infinity":10,"b:28:5:28:37:28:37:28:62":9,"b:29:2:31:Infinity:undefined:undefined:undefined:undefined":10,"s:29:2:31:Infinity":11,"b:29:6:29:44:29:44:29:75":11,"s:30:3:30:Infinity":12,"s:32:12:32:Infinity":13,"b:33:2:40:Infinity:undefined:undefined:undefined:undefined":12,"s:33:2:40:Infinity":14,"b:34:3:34:Infinity:35:3:35:Infinity:36:3:36:Infinity:37:3:37:Infinity":13,"s:39:3:39:Infinity":15,"b:42:1:44:Infinity:undefined:undefined:undefined:undefined":14,"s:42:1:44:Infinity":16,"b:42:5:42:37:42:37:42:74":15,"s:43:2:43:Infinity":17,"b:45:1:50:Infinity:undefined:undefined:undefined:undefined":16,"s:45:1:50:Infinity":18,"b:46:2:46:Infinity:47:2:47:Infinity":17,"s:49:2:49:Infinity":19,"s:51:1:51:Infinity":20,"s:54:13:73:Infinity":21,"f:54:13:54:Infinity":1,"s:63:1:72:Infinity":22,"b:65:19:65:38:65:38:65:Infinity":18},"fnNames":{}}}
,"/Users/younwoo/repo/aiai/pi/agent/extensions/pi-model-router/src/stream.ts": {"path":"/Users/younwoo/repo/aiai/pi/agent/extensions/pi-model-router/src/stream.ts","statementMap":{"0":{"start":{"line":22,"column":13},"end":{"line":30,"column":null}},"1":{"start":{"line":26,"column":1},"end":{"line":28,"column":null}},"2":{"start":{"line":27,"column":2},"end":{"line":27,"column":null}},"3":{"start":{"line":29,"column":1},"end":{"line":29,"column":null}},"4":{"start":{"line":32,"column":13},"end":{"line":45,"column":null}},"5":{"start":{"line":38,"column":19},"end":{"line":40,"column":null}},"6":{"start":{"line":41,"column":1},"end":{"line":43,"column":null}},"7":{"start":{"line":42,"column":2},"end":{"line":42,"column":null}},"8":{"start":{"line":44,"column":1},"end":{"line":44,"column":null}}},"fnMap":{"0":{"name":"(anonymous_0)","decl":{"start":{"line":22,"column":13},"end":{"line":22,"column":null}},"loc":{"start":{"line":25,"column":8},"end":{"line":30,"column":null}},"line":25},"1":{"name":"(anonymous_1)","decl":{"start":{"line":32,"column":13},"end":{"line":32,"column":null}},"loc":{"start":{"line":37,"column":34},"end":{"line":45,"column":null}},"line":37}},"branchMap":{"0":{"loc":{"start":{"line":26,"column":1},"end":{"line":28,"column":null}},"type":"if","locations":[{"start":{"line":26,"column":1},"end":{"line":28,"column":null}},{"start":{},"end":{}}],"line":26},"1":{"loc":{"start":{"line":26,"column":5},"end":{"line":26,"column":53}},"type":"binary-expr","locations":[{"start":{"line":26,"column":5},"end":{"line":26,"column":21}},{"start":{"line":26,"column":21},"end":{"line":26,"column":53}}],"line":26},"2":{"loc":{"start":{"line":41,"column":1},"end":{"line":43,"column":null}},"type":"if","locations":[{"start":{"line":41,"column":1},"end":{"line":43,"column":null}},{"start":{},"end":{}}],"line":41}},"s":{"0":5,"1":27,"2":1,"3":26,"4":5,"5":27,"6":27,"7":1,"8":26},"f":{"0":27,"1":27},"b":{"0":[1,26],"1":[27,1],"2":[1,26]},"meta":{"lastBranch":3,"lastFunction":2,"lastStatement":9,"seen":{"s:22:13:30:Infinity":0,"f:22:13:22:Infinity":0,"b:26:1:28:Infinity:undefined:undefined:undefined:undefined":0,"s:26:1:28:Infinity":1,"b:26:5:26:21:26:21:26:53":1,"s:27:2:27:Infinity":2,"s:29:1:29:Infinity":3,"s:32:13:45:Infinity":4,"f:32:13:32:Infinity":1,"s:38:19:40:Infinity":5,"b:41:1:43:Infinity:undefined:undefined:undefined:undefined":2,"s:41:1:43:Infinity":6,"s:42:2:42:Infinity":7,"s:44:1:44:Infinity":8},"fnNames":{}}}
,"/Users/younwoo/repo/aiai/pi/agent/extensions/pi-model-router/src/ui.ts": {"path":"/Users/younwoo/repo/aiai/pi/agent/extensions/pi-model-router/src/ui.ts","statementMap":{"0":{"start":{"line":4,"column":13},"end":{"line":6,"column":null}},"1":{"start":{"line":5,"column":1},"end":{"line":5,"column":null}},"2":{"start":{"line":8,"column":13},"end":{"line":10,"column":null}},"3":{"start":{"line":9,"column":1},"end":{"line":9,"column":null}},"4":{"start":{"line":12,"column":13},"end":{"line":34,"column":null}},"5":{"start":{"line":18,"column":29},"end":{"line":18,"column":null}},"6":{"start":{"line":20,"column":1},"end":{"line":33,"column":null}},"7":{"start":{"line":22,"column":3},"end":{"line":22,"column":null}},"8":{"start":{"line":25,"column":2},"end":{"line":29,"column":null}},"9":{"start":{"line":26,"column":3},"end":{"line":26,"column":null}},"10":{"start":{"line":28,"column":3},"end":{"line":28,"column":null}},"11":{"start":{"line":30,"column":2},"end":{"line":30,"column":null}},"12":{"start":{"line":32,"column":2},"end":{"line":32,"column":null}}},"fnMap":{"0":{"name":"(anonymous_0)","decl":{"start":{"line":4,"column":13},"end":{"line":4,"column":31}},"loc":{"start":{"line":4,"column":69},"end":{"line":6,"column":null}},"line":4},"1":{"name":"(anonymous_1)","decl":{"start":{"line":8,"column":13},"end":{"line":8,"column":31}},"loc":{"start":{"line":8,"column":67},"end":{"line":10,"column":null}},"line":8},"2":{"name":"(anonymous_2)","decl":{"start":{"line":12,"column":13},"end":{"line":12,"column":null}},"loc":{"start":{"line":17,"column":5},"end":{"line":34,"column":null}},"line":17}},"branchMap":{"0":{"loc":{"start":{"line":5,"column":106},"end":{"line":5,"column":134}},"type":"binary-expr","locations":[{"start":{"line":5,"column":106},"end":{"line":5,"column":127}},{"start":{"line":5,"column":127},"end":{"line":5,"column":134}}],"line":5},"1":{"loc":{"start":{"line":9,"column":8},"end":{"line":9,"column":null}},"type":"binary-expr","locations":[{"start":{"line":9,"column":8},"end":{"line":9,"column":15}},{"start":{"line":9,"column":15},"end":{"line":9,"column":null}}],"line":9},"2":{"loc":{"start":{"line":18,"column":29},"end":{"line":18,"column":null}},"type":"cond-expr","locations":[{"start":{"line":18,"column":45},"end":{"line":18,"column":63}},{"start":{"line":18,"column":63},"end":{"line":18,"column":null}}],"line":18},"3":{"loc":{"start":{"line":20,"column":1},"end":{"line":33,"column":null}},"type":"if","locations":[{"start":{"line":20,"column":1},"end":{"line":33,"column":null}},{"start":{"line":31,"column":8},"end":{"line":33,"column":null}}],"line":20},"4":{"loc":{"start":{"line":22,"column":3},"end":{"line":22,"column":null}},"type":"binary-expr","locations":[{"start":{"line":22,"column":3},"end":{"line":22,"column":19}},{"start":{"line":22,"column":19},"end":{"line":22,"column":null}}],"line":22},"5":{"loc":{"start":{"line":25,"column":2},"end":{"line":29,"column":null}},"type":"if","locations":[{"start":{"line":25,"column":2},"end":{"line":29,"column":null}},{"start":{"line":27,"column":9},"end":{"line":29,"column":null}}],"line":25},"6":{"loc":{"start":{"line":25,"column":6},"end":{"line":25,"column":38}},"type":"binary-expr","locations":[{"start":{"line":25,"column":6},"end":{"line":25,"column":22}},{"start":{"line":25,"column":22},"end":{"line":25,"column":38}}],"line":25},"7":{"loc":{"start":{"line":26,"column":138},"end":{"line":26,"column":170}},"type":"binary-expr","locations":[{"start":{"line":26,"column":138},"end":{"line":26,"column":163}},{"start":{"line":26,"column":163},"end":{"line":26,"column":170}}],"line":26}},"s":{"0":3,"1":2,"2":3,"3":6,"4":3,"5":40,"6":40,"7":19,"8":19,"9":2,"10":17,"11":19,"12":21},"f":{"0":2,"1":6,"2":40},"b":{"0":[2,0],"1":[6,1],"2":[19,21],"3":[19,21],"4":[19,3],"5":[2,17],"6":[19,3],"7":[2,0]},"meta":{"lastBranch":8,"lastFunction":3,"lastStatement":13,"seen":{"s:4:13:6:Infinity":0,"f:4:13:4:31":0,"s:5:1:5:Infinity":1,"b:5:106:5:127:5:127:5:134":0,"s:8:13:10:Infinity":2,"f:8:13:8:31":1,"s:9:1:9:Infinity":3,"b:9:8:9:15:9:15:9:Infinity":1,"s:12:13:34:Infinity":4,"f:12:13:12:Infinity":2,"s:18:29:18:Infinity":5,"b:18:45:18:63:18:63:18:Infinity":2,"b:20:1:33:Infinity:31:8:33:Infinity":3,"s:20:1:33:Infinity":6,"s:22:3:22:Infinity":7,"b:22:3:22:19:22:19:22:Infinity":4,"b:25:2:29:Infinity:27:9:29:Infinity":5,"s:25:2:29:Infinity":8,"b:25:6:25:22:25:22:25:38":6,"s:26:3:26:Infinity":9,"b:26:138:26:163:26:163:26:170":7,"s:28:3:28:Infinity":10,"s:30:2:30:Infinity":11,"s:32:2:32:Infinity":12},"fnNames":{}}}
}
